cvs update: Updating .
cvs update: Updating PIO
cvs update: file PIO/README exists, but has been added in revision ESMF_5_1_0_beta_snapshot_13
cvs update: file PIO/alloc_mod.F90 exists, but has been added in revision ESMF_5_1_0_beta_snapshot_13
cvs update: file PIO/alloc_mod.F90.in exists, but has been added in revision ESMF_5_1_0_beta_snapshot_13
cvs update: file PIO/box_rearrange.F90 exists, but has been added in revision ESMF_5_1_0_beta_snapshot_13
cvs update: file PIO/box_rearrange.F90.in exists, but has been added in revision ESMF_5_1_0_beta_snapshot_13
cvs update: file PIO/iompi_mod.F90 exists, but has been added in revision ESMF_5_1_0_beta_snapshot_13
cvs update: file PIO/iompi_mod.F90.in exists, but has been added in revision ESMF_5_1_0_beta_snapshot_13
cvs update: file PIO/ionf_mod.F90 exists, but has been added in revision ESMF_5_1_0_beta_snapshot_13
cvs update: file PIO/makefile exists, but has been added in revision ESMF_5_1_0_beta_snapshot_13
cvs update: file PIO/mct_rearrange.F90 exists, but has been added in revision ESMF_5_1_0_beta_snapshot_13
cvs update: file PIO/mct_rearrange.F90.in exists, but has been added in revision ESMF_5_1_0_beta_snapshot_13
cvs update: file PIO/nf_mod.F90 exists, but has been added in revision ESMF_5_1_0_beta_snapshot_13
cvs update: file PIO/pio.F90 exists, but has been added in revision ESMF_5_1_0_beta_snapshot_13
cvs update: file PIO/pio_kinds.F90 exists, but has been added in revision ESMF_5_1_0_beta_snapshot_13
cvs update: file PIO/pio_mpi_utils.F90 exists, but has been added in revision ESMF_5_1_0_beta_snapshot_13
cvs update: file PIO/pio_nf_utils.F90 exists, but has been added in revision ESMF_5_1_0_beta_snapshot_13
cvs update: file PIO/pio_quicksort.F90 exists, but has been added in revision ESMF_5_1_0_beta_snapshot_13
cvs update: file PIO/pio_spmd_utils.F90 exists, but has been added in revision ESMF_5_1_0_beta_snapshot_13
cvs update: file PIO/pio_spmd_utils.F90.in exists, but has been added in revision ESMF_5_1_0_beta_snapshot_13
cvs update: file PIO/pio_support.F90 exists, but has been added in revision ESMF_5_1_0_beta_snapshot_13
cvs update: file PIO/pio_support.F90.in exists, but has been added in revision ESMF_5_1_0_beta_snapshot_13
cvs update: file PIO/pio_types.F90 exists, but has been added in revision ESMF_5_1_0_beta_snapshot_13
cvs update: file PIO/pio_utils.F90 exists, but has been added in revision ESMF_5_1_0_beta_snapshot_13
cvs update: file PIO/piodarray.F90 exists, but has been added in revision ESMF_5_1_0_beta_snapshot_13
cvs update: file PIO/piodarray.F90.in exists, but has been added in revision ESMF_5_1_0_beta_snapshot_13
cvs update: file PIO/piolib_mod.F90 exists, but has been added in revision ESMF_5_1_0_beta_snapshot_13
cvs update: file PIO/pionfatt_mod.F90 exists, but has been added in revision ESMF_5_1_0_beta_snapshot_13
cvs update: file PIO/pionfatt_mod.F90.in exists, but has been added in revision ESMF_5_1_0_beta_snapshot_13
cvs update: file PIO/pionfget_mod.F90 exists, but has been added in revision ESMF_5_1_0_beta_snapshot_13
cvs update: file PIO/pionfget_mod.F90.in exists, but has been added in revision ESMF_5_1_0_beta_snapshot_13
cvs update: file PIO/pionfput_mod.F90 exists, but has been added in revision ESMF_5_1_0_beta_snapshot_13
cvs update: file PIO/pionfput_mod.F90.in exists, but has been added in revision ESMF_5_1_0_beta_snapshot_13
cvs update: file PIO/pionfread_mod.F90 exists, but has been added in revision ESMF_5_1_0_beta_snapshot_13
cvs update: file PIO/pionfread_mod.F90.in exists, but has been added in revision ESMF_5_1_0_beta_snapshot_13
cvs update: file PIO/pionfwrite_mod.F90 exists, but has been added in revision ESMF_5_1_0_beta_snapshot_13
cvs update: file PIO/pionfwrite_mod.F90.in exists, but has been added in revision ESMF_5_1_0_beta_snapshot_13
cvs update: file PIO/pnetcdfversion.c exists, but has been added in revision ESMF_5_1_0_beta_snapshot_13
cvs update: file PIO/rearrange.F90 exists, but has been added in revision ESMF_5_1_0_beta_snapshot_13
cvs update: file PIO/rearrange.F90.in exists, but has been added in revision ESMF_5_1_0_beta_snapshot_13
cvs update: file PIO/topology.c exists, but has been added in revision ESMF_5_1_0_beta_snapshot_13
cvs update: Updating doc
cvs update: file doc/IO_implnotes.tex exists, but has been added in revision ESMF_5_1_0_beta_snapshot_13
cvs update: file doc/IO_refdoc.ctex exists, but has been added in revision ESMF_5_1_0_beta_snapshot_13
cvs update: file doc/IO_rest.tex exists, but has been added in revision ESMF_5_1_0_beta_snapshot_13
cvs update: file doc/makefile exists, but has been added in revision ESMF_5_1_0_beta_snapshot_13
cvs update: Updating examples
cvs update: Updating include
cvs update: file include/ESMCI_IO_NetCDF.h exists, but has been added in revision ESMF_5_1_0_beta_snapshot_13
cvs update: file include/ESMCI_IO_XML.h exists, but has been added in revision ESMF_5_1_0_beta_snapshot_13
cvs update: file include/ESMCI_SAX2ReadHandler.h exists, but has been added in revision ESMF_5_1_0_beta_snapshot_13
cvs update: file include/ESMCI_SAX2WriteHandler.h exists, but has been added in revision ESMF_5_1_0_beta_snapshot_13
cvs update: Updating interface
cvs update: file interface/ESMCI_IO_NetCDF_F.C exists, but has been added in revision ESMF_5_1_0_beta_snapshot_13
cvs update: file interface/ESMCI_IO_XML_F.C exists, but has been added in revision ESMF_5_1_0_beta_snapshot_13
cvs update: file interface/ESMF_IO.F90 exists, but has been added in revision ESMF_5_1_0_beta_snapshot_13
cvs update: file interface/ESMF_IO_NetCDF.F90 exists, but has been added in revision ESMF_5_1_0_beta_snapshot_13
cvs update: file interface/makefile exists, but has been added in revision ESMF_5_1_0_beta_snapshot_13
cvs update: Updating src
cvs update: file src/ESMCI_IO_NetCDF.C exists, but has been added in revision ESMF_5_1_0_beta_snapshot_13
cvs update: file src/ESMCI_IO_XML.C exists, but has been added in revision ESMF_5_1_0_beta_snapshot_13
cvs update: file src/ESMCI_SAX2ReadHandler.C exists, but has been added in revision ESMF_5_1_0_beta_snapshot_13
cvs update: file src/ESMCI_SAX2WriteHandler.C exists, but has been added in revision ESMF_5_1_0_beta_snapshot_13
cvs update: file src/makefile exists, but has been added in revision ESMF_5_1_0_beta_snapshot_13
cvs update: Updating tests
cvs update: file tests/ESMCI_IO_NetCDFUTest.C exists, but has been added in revision ESMF_5_1_0_beta_snapshot_13
cvs update: file tests/io_netcdf_testdata.nc exists, but has been added in revision ESMF_5_1_0_beta_snapshot_13
cvs update: file tests/makefile exists, but has been added in revision ESMF_5_1_0_beta_snapshot_13
