cvs update: Updating .
rcsmerge: warning: conflicts during merge
cvs update: Updating application
cvs update: Updating build
rcsmerge: warning: conflicts during merge
cvs update: Updating build/IRIX
cvs update: Updating build/IRIX64
cvs update: Updating build/alpha
cvs update: Updating build/config
cvs update: Updating build/doc
cvs update: Updating build/linux_alpha
cvs update: Updating build/linux_gnupgf90
cvs update: Updating build/linux_intel
cvs update: Updating build/linux_lf95
cvs update: Updating build/linux_nag95
cvs update: Updating build/linux_pgi
cvs update: Updating build/mac_osx
cvs update: Updating build/rs6000_64
cvs update: Updating build/rs6000_sp
cvs update: Updating build/solaris
cvs update: Updating build/solaris_hpc
cvs update: Updating build_config
cvs update: Updating build_config/AIX.default.default
cvs update: Updating build_config/Cygwin.g95.default
cvs update: Updating build_config/Cygwin.gfortran.default
cvs update: Updating build_config/Darwin.absoft.default
cvs update: Updating build_config/Darwin.g95.default
cvs update: Updating build_config/Darwin.gfortran.default
cvs update: Updating build_config/Darwin.intel.default
cvs update: Updating build_config/Darwin.intelgcc.default
cvs update: Updating build_config/Darwin.nag.default
cvs update: Updating build_config/Darwin.xlf.default
cvs update: Updating build_config/Darwin.xlfgcc.default
cvs update: Updating build_config/IRIX64.default.default
cvs update: Updating build_config/Linux.absoft.default
cvs update: Updating build_config/Linux.absoftintel.default
cvs update: Updating build_config/Linux.g95.default
cvs update: Updating build_config/Linux.gfortran.default
cvs update: Updating build_config/Linux.intel.default
cvs update: Updating build_config/Linux.intelgcc.default
cvs update: Updating build_config/Linux.lahey.default
cvs update: Updating build_config/Linux.nag.default
cvs update: Updating build_config/Linux.nagintel.default
cvs update: Updating build_config/Linux.pathscale.default
cvs update: Updating build_config/Linux.pgi.default
cvs update: Updating build_config/Linux.pgigcc.default
cvs update: Updating build_config/Linux.sxcross.default
cvs update: Updating build_config/Linux.x1cross.default
cvs update: Updating build_config/Linux.xlf.default
cvs update: Updating build_config/MinGW.intel.default
cvs update: Updating build_config/MinGW.intelcl.default
cvs update: Updating build_config/OSF1.default.default
cvs update: Updating build_config/SunOS.default.default
cvs update: Updating build_config/Unicos.default.default
cvs update: Updating build_config/Unicos.intel.default
cvs update: Updating build_config/Unicos.pgi.default
cvs update: Updating build_config/conf
cvs update: Updating build_config/conf/AIX.32.default
cvs update: Updating build_config/conf/AIX.64.default
cvs update: Updating build_config/conf/AIX.default.32.default
cvs update: Updating build_config/conf/AIX.default.64.default
cvs update: Updating build_config/conf/Darwin.32.default
cvs update: Updating build_config/conf/Darwin.absoft.32.default
cvs update: Updating build_config/conf/Darwin.default.32.default
cvs update: Updating build_config/conf/IRIX64.32.default
cvs update: Updating build_config/conf/IRIX64.64.default
cvs update: Updating build_config/conf/IRIX64.default.32.default
cvs update: Updating build_config/conf/IRIX64.default.64.default
cvs update: Updating build_config/conf/Linux.32.intel
cvs update: Updating build_config/conf/Linux.32.lahey
cvs update: Updating build_config/conf/Linux.32.pgi
cvs update: Updating build_config/conf/Linux.64.intel
cvs update: Updating build_config/conf/Linux.absoft.32.default
cvs update: Updating build_config/conf/Linux.default.32.default
cvs update: Updating build_config/conf/Linux.intel.32.default
cvs update: Updating build_config/conf/Linux.intel.64.default
cvs update: Updating build_config/conf/Linux.lahey.32.default
cvs update: Updating build_config/conf/Linux.pgi.32.default
cvs update: Updating build_config/conf/OSF1.64.default
cvs update: Updating build_config/conf/OSF1.default.64.default
cvs update: Updating build_config/conf/SunOS.32.default
cvs update: Updating build_config/conf/SunOS.64.default
cvs update: Updating build_config/conf/SunOS.default.32.default
cvs update: Updating build_config/conf/SunOS.default.64.default
cvs update: Updating include
cvs update: Updating scripts
cvs update: Updating scripts/doc_templates
cvs update: Updating scripts/doc_templates/templates
cvs update: Updating scripts/doc_templates/templates/scripts
cvs update: Updating scripts/mpmd.alpha
cvs update: Updating scripts/test_scripts
cvs update: Updating src
cvs update: Updating src/Demo
cvs update: Updating src/Demo/coupled_flow
cvs update: Updating src/Demo/coupled_flow/doc
cvs update: Updating src/Demo/coupled_flow/src
cvs update: Updating src/Infrastructure
cvs update: Updating src/Infrastructure/Array
cvs update: Updating src/Infrastructure/Array/doc
cvs update: Updating src/Infrastructure/Array/examples
cvs update: Updating src/Infrastructure/Array/include
cvs update: Updating src/Infrastructure/Array/interface
cvs update: Updating src/Infrastructure/Array/src
cvs update: Updating src/Infrastructure/Array/tests
cvs update: Updating src/Infrastructure/Array/tests/harness_config
cvs update: Updating src/Infrastructure/ArrayBundle
cvs update: Updating src/Infrastructure/ArrayBundle/doc
cvs update: Updating src/Infrastructure/ArrayBundle/examples
cvs update: Updating src/Infrastructure/ArrayBundle/include
cvs update: Updating src/Infrastructure/ArrayBundle/interface
cvs update: Updating src/Infrastructure/ArrayBundle/src
cvs update: Updating src/Infrastructure/ArrayBundle/tests
cvs update: Updating src/Infrastructure/ArrayComm
cvs update: Updating src/Infrastructure/ArrayComm/doc
cvs update: Updating src/Infrastructure/ArrayComm/examples
cvs update: Updating src/Infrastructure/ArrayComm/include
cvs update: Updating src/Infrastructure/ArrayComm/interface
cvs update: Updating src/Infrastructure/ArrayComm/src
cvs update: Updating src/Infrastructure/ArrayDataMap
cvs update: Updating src/Infrastructure/ArrayDataMap/doc
cvs update: Updating src/Infrastructure/ArrayDataMap/examples
cvs update: Updating src/Infrastructure/ArrayDataMap/include
cvs update: Updating src/Infrastructure/ArrayDataMap/interface
cvs update: Updating src/Infrastructure/ArrayDataMap/src
cvs update: Updating src/Infrastructure/ArrayDataMap/tests
cvs update: Updating src/Infrastructure/ArraySpec
cvs update: Updating src/Infrastructure/ArraySpec/doc
cvs update: Updating src/Infrastructure/ArraySpec/examples
cvs update: Updating src/Infrastructure/ArraySpec/include
cvs update: Updating src/Infrastructure/ArraySpec/interface
cvs update: Updating src/Infrastructure/ArraySpec/src
cvs update: Updating src/Infrastructure/ArraySpec/tests
cvs update: Updating src/Infrastructure/Attribute
cvs update: Updating src/Infrastructure/Attribute/doc
cvs update: Updating src/Infrastructure/Attribute/include
cvs update: Updating src/Infrastructure/Attribute/interface
cvs update: Updating src/Infrastructure/Attribute/src
cvs update: Updating src/Infrastructure/Attribute/tests
cvs update: Updating src/Infrastructure/Base
cvs update: Updating src/Infrastructure/Base/doc
cvs update: Updating src/Infrastructure/Base/include
cvs update: Updating src/Infrastructure/Base/interface
cvs update: Updating src/Infrastructure/Base/src
cvs update: Updating src/Infrastructure/Base/tests
cvs update: Updating src/Infrastructure/Bundle
cvs update: Updating src/Infrastructure/Bundle/doc
cvs update: Updating src/Infrastructure/Bundle/examples
cvs update: Updating src/Infrastructure/Bundle/include
cvs update: Updating src/Infrastructure/Bundle/interface
cvs update: Updating src/Infrastructure/Bundle/src
cvs update: Updating src/Infrastructure/Bundle/tests
cvs update: Updating src/Infrastructure/Bundle/tests/harness_config
cvs update: Updating src/Infrastructure/BundleComm
cvs update: Updating src/Infrastructure/BundleComm/doc
cvs update: Updating src/Infrastructure/BundleComm/examples
cvs update: Updating src/Infrastructure/BundleComm/include
cvs update: Updating src/Infrastructure/BundleComm/interface
cvs update: Updating src/Infrastructure/BundleComm/src
cvs update: Updating src/Infrastructure/BundleComm/tests
cvs update: Updating src/Infrastructure/BundleDataMap
cvs update: Updating src/Infrastructure/BundleDataMap/doc
cvs update: Updating src/Infrastructure/BundleDataMap/examples
cvs update: Updating src/Infrastructure/BundleDataMap/include
cvs update: Updating src/Infrastructure/BundleDataMap/interface
cvs update: Updating src/Infrastructure/BundleDataMap/src
cvs update: Updating src/Infrastructure/BundleDataMap/tests
cvs update: Updating src/Infrastructure/CommMem
cvs update: Updating src/Infrastructure/CommMem/doc
cvs update: Updating src/Infrastructure/CommMem/examples
cvs update: Updating src/Infrastructure/CommMem/include
cvs update: Updating src/Infrastructure/CommMem/interface
cvs update: Updating src/Infrastructure/CommMem/src
cvs update: Updating src/Infrastructure/CommMem/tests
cvs update: Updating src/Infrastructure/Config
cvs update: Updating src/Infrastructure/Config/doc
cvs update: Updating src/Infrastructure/Config/examples
cvs update: Updating src/Infrastructure/Config/include
cvs update: Updating src/Infrastructure/Config/interface
cvs update: Updating src/Infrastructure/Config/src
cvs update: Updating src/Infrastructure/Config/tests
cvs update: Updating src/Infrastructure/ConfigAttr
cvs update: Updating src/Infrastructure/ConfigAttr/doc
cvs update: Updating src/Infrastructure/ConfigAttr/src
cvs update: Updating src/Infrastructure/ConfigAttr/tests
cvs update: Updating src/Infrastructure/DELayout
cvs update: Updating src/Infrastructure/DELayout/doc
cvs update: Updating src/Infrastructure/DELayout/examples
cvs update: Updating src/Infrastructure/DELayout/include
cvs update: Updating src/Infrastructure/DELayout/interface
cvs update: Updating src/Infrastructure/DELayout/src
cvs update: Updating src/Infrastructure/DELayout/tests
cvs update: Updating src/Infrastructure/Data
cvs update: Updating src/Infrastructure/Data/doc
cvs update: Updating src/Infrastructure/Data/examples
cvs update: Updating src/Infrastructure/Data/include
cvs update: Updating src/Infrastructure/Data/interface
cvs update: Updating src/Infrastructure/Data/src
cvs update: Updating src/Infrastructure/Data/tests
cvs update: Updating src/Infrastructure/DataMap
cvs update: Updating src/Infrastructure/DataMap/doc
cvs update: Updating src/Infrastructure/DataMap/examples
cvs update: Updating src/Infrastructure/DataMap/include
cvs update: Updating src/Infrastructure/DataMap/interface
cvs update: Updating src/Infrastructure/DataMap/src
cvs update: Updating src/Infrastructure/DataMap/tests
cvs update: Updating src/Infrastructure/DistGrid
cvs update: Updating src/Infrastructure/DistGrid/doc
cvs update: Updating src/Infrastructure/DistGrid/examples
cvs update: Updating src/Infrastructure/DistGrid/include
cvs update: Updating src/Infrastructure/DistGrid/interface
cvs update: Updating src/Infrastructure/DistGrid/src
cvs update: Updating src/Infrastructure/DistGrid/tests
cvs update: Updating src/Infrastructure/Field
cvs update: Updating src/Infrastructure/Field/doc
cvs update: Updating src/Infrastructure/Field/etc
cvs update: Updating src/Infrastructure/Field/examples
cvs update: Updating src/Infrastructure/Field/examples/ESMF_FieldMeshRegridExData
cvs update: Updating src/Infrastructure/Field/examples/data
cvs update: Updating src/Infrastructure/Field/include
cvs update: Updating src/Infrastructure/Field/interface
cvs update: Updating src/Infrastructure/Field/src
cvs update: Updating src/Infrastructure/Field/tests
cvs update: Updating src/Infrastructure/Field/tests/data
cvs update: Updating src/Infrastructure/Field/tests/harness_config
cvs update: Updating src/Infrastructure/FieldBundle
cvs update: Updating src/Infrastructure/FieldBundle/doc
cvs update: Updating src/Infrastructure/FieldBundle/examples
cvs update: Updating src/Infrastructure/FieldBundle/harness_config
cvs update: Updating src/Infrastructure/FieldBundle/include
cvs update: Updating src/Infrastructure/FieldBundle/interface
cvs update: Updating src/Infrastructure/FieldBundle/src
cvs update: Updating src/Infrastructure/FieldBundle/tests
cvs update: Updating src/Infrastructure/FieldBundle/tests/harness_config
cvs update: Updating src/Infrastructure/FieldComm
cvs update: Updating src/Infrastructure/FieldComm/doc
cvs update: Updating src/Infrastructure/FieldComm/examples
cvs update: Updating src/Infrastructure/FieldComm/include
cvs update: Updating src/Infrastructure/FieldComm/interface
cvs update: Updating src/Infrastructure/FieldComm/src
cvs update: Updating src/Infrastructure/FieldComm/tests
cvs update: Updating src/Infrastructure/FieldDataMap
cvs update: Updating src/Infrastructure/FieldDataMap/doc
cvs update: Updating src/Infrastructure/FieldDataMap/examples
cvs update: Updating src/Infrastructure/FieldDataMap/include
cvs update: Updating src/Infrastructure/FieldDataMap/interface
cvs update: Updating src/Infrastructure/FieldDataMap/src
cvs update: Updating src/Infrastructure/FieldDataMap/tests
cvs update: Updating src/Infrastructure/GeomBase
cvs update: Updating src/Infrastructure/GeomBase/interface
cvs update: Updating src/Infrastructure/GeomBase/src
cvs update: Updating src/Infrastructure/Grid
cvs update: Updating src/Infrastructure/Grid/doc
cvs update: Updating src/Infrastructure/Grid/etc
cvs update: Updating src/Infrastructure/Grid/examples
cvs update: Updating src/Infrastructure/Grid/include
cvs update: Updating src/Infrastructure/Grid/interface
cvs update: Updating src/Infrastructure/Grid/src
cvs update: Updating src/Infrastructure/Grid/tests
cvs update: Updating src/Infrastructure/GridUtil
cvs update: Updating src/Infrastructure/GridUtil/include
cvs update: Updating src/Infrastructure/GridUtil/interface
cvs update: Updating src/Infrastructure/GridUtil/src
cvs update: Updating src/Infrastructure/GridUtil/tests
cvs update: Updating src/Infrastructure/IO
cvs update: Updating src/Infrastructure/IO/PIO
cvs update: Updating src/Infrastructure/IO/doc
cvs update: Updating src/Infrastructure/IO/examples
cvs update: Updating src/Infrastructure/IO/include
cvs update: Updating src/Infrastructure/IO/interface
cvs update: Updating src/Infrastructure/IO/src
cvs update: Updating src/Infrastructure/IO/tests
cvs update: Updating src/Infrastructure/IOSpec
cvs update: Updating src/Infrastructure/IOSpec/doc
cvs update: Updating src/Infrastructure/IOSpec/include
cvs update: Updating src/Infrastructure/IOSpec/interface
cvs update: Updating src/Infrastructure/IOSpec/src
cvs update: Updating src/Infrastructure/IOSpec/tests
cvs update: Updating src/Infrastructure/InternArray
cvs update: Updating src/Infrastructure/InternArray/doc
cvs update: Updating src/Infrastructure/InternArray/examples
cvs update: Updating src/Infrastructure/InternArray/include
cvs update: Updating src/Infrastructure/InternArray/interface
cvs update: Updating src/Infrastructure/InternArray/src
cvs update: Updating src/Infrastructure/InternArray/tests
cvs update: Updating src/Infrastructure/InternArrayComm
cvs update: Updating src/Infrastructure/InternArrayComm/doc
cvs update: Updating src/Infrastructure/InternArrayComm/examples
cvs update: Updating src/Infrastructure/InternArrayComm/include
cvs update: Updating src/Infrastructure/InternArrayComm/interface
cvs update: Updating src/Infrastructure/InternArrayComm/src
cvs update: Updating src/Infrastructure/InternArrayDataMap
cvs update: Updating src/Infrastructure/InternDG
cvs update: Updating src/Infrastructure/InternDG/doc
cvs update: Updating src/Infrastructure/InternDG/examples
cvs update: Updating src/Infrastructure/InternDG/include
cvs update: Updating src/Infrastructure/InternDG/interface
cvs update: Updating src/Infrastructure/InternDG/src
cvs update: Updating src/Infrastructure/InternGrid
cvs update: Updating src/Infrastructure/InternGrid/examples
cvs update: Updating src/Infrastructure/InternGrid/include
cvs update: Updating src/Infrastructure/InternGrid/interface
cvs update: Updating src/Infrastructure/InternGrid/src
cvs update: Updating src/Infrastructure/InternGrid/tests
cvs update: Updating src/Infrastructure/LocStream
cvs update: Updating src/Infrastructure/LocStream/doc
cvs update: Updating src/Infrastructure/LocStream/examples
cvs update: Updating src/Infrastructure/LocStream/interface
cvs update: Updating src/Infrastructure/LocStream/src
cvs update: Updating src/Infrastructure/LocStream/tests
cvs update: Updating src/Infrastructure/LocalArray
cvs update: Updating src/Infrastructure/LocalArray/doc
cvs update: Updating src/Infrastructure/LocalArray/examples
cvs update: Updating src/Infrastructure/LocalArray/include
cvs update: Updating src/Infrastructure/LocalArray/interface
cvs update: Updating src/Infrastructure/LocalArray/src
cvs update: Updating src/Infrastructure/LocalArray/tests
cvs update: Updating src/Infrastructure/LogErr
cvs update: Updating src/Infrastructure/LogErr/doc
cvs update: Updating src/Infrastructure/LogErr/examples
cvs update: Updating src/Infrastructure/LogErr/include
cvs update: Updating src/Infrastructure/LogErr/interface
cvs update: Updating src/Infrastructure/LogErr/src
cvs update: Updating src/Infrastructure/LogErr/tests
cvs update: Updating src/Infrastructure/Machine
cvs update: Updating src/Infrastructure/Machine/doc
cvs update: Updating src/Infrastructure/Machine/include
cvs update: Updating src/Infrastructure/Machine/interface
cvs update: Updating src/Infrastructure/Machine/src
cvs update: Updating src/Infrastructure/Mesh
cvs update: Updating src/Infrastructure/Mesh/doc
cvs update: Updating src/Infrastructure/Mesh/examples
cvs update: file src/Infrastructure/Mesh/examples/ESMC_DPart.C does not exist, but is present in revision ESMF_5_1_0_beta_snapshot_05
rcsmerge: warning: conflicts during merge
cvs update: Updating src/Infrastructure/Mesh/examples/data
cvs update: Updating src/Infrastructure/Mesh/include
rcsmerge: warning: conflicts during merge
rcsmerge: warning: conflicts during merge
rcsmerge: warning: conflicts during merge
rcsmerge: warning: conflicts during merge
rcsmerge: warning: conflicts during merge
rcsmerge: warning: conflicts during merge
rcsmerge: warning: conflicts during merge
rcsmerge: warning: conflicts during merge
rcsmerge: warning: conflicts during merge
rcsmerge: warning: conflicts during merge
rcsmerge: warning: conflicts during merge
rcsmerge: warning: conflicts during merge
rcsmerge: warning: conflicts during merge
rcsmerge: warning: conflicts during merge
rcsmerge: warning: conflicts during merge
rcsmerge: warning: conflicts during merge
rcsmerge: warning: conflicts during merge
rcsmerge: warning: conflicts during merge
rcsmerge: warning: conflicts during merge
rcsmerge: warning: conflicts during merge
rcsmerge: warning: conflicts during merge
rcsmerge: warning: conflicts during merge
rcsmerge: warning: conflicts during merge
rcsmerge: warning: conflicts during merge
rcsmerge: warning: conflicts during merge
rcsmerge: warning: conflicts during merge
rcsmerge: warning: conflicts during merge
rcsmerge: warning: conflicts during merge
rcsmerge: warning: conflicts during merge
rcsmerge: warning: conflicts during merge
rcsmerge: warning: conflicts during merge
cvs update: file src/Infrastructure/Mesh/include/ESMCI_MeshOBjConn.h does not exist, but is present in revision ESMF_5_1_0_beta_snapshot_05
rcsmerge: warning: conflicts during merge
rcsmerge: warning: conflicts during merge
rcsmerge: warning: conflicts during merge
rcsmerge: warning: conflicts during merge
rcsmerge: warning: conflicts during merge
rcsmerge: warning: conflicts during merge
rcsmerge: warning: conflicts during merge
rcsmerge: warning: conflicts during merge
rcsmerge: warning: conflicts during merge
rcsmerge: warning: conflicts during merge
rcsmerge: warning: conflicts during merge
rcsmerge: warning: conflicts during merge
rcsmerge: warning: conflicts during merge
rcsmerge: warning: conflicts during merge
rcsmerge: warning: conflicts during merge
rcsmerge: warning: conflicts during merge
rcsmerge: warning: conflicts during merge
rcsmerge: warning: conflicts during merge
rcsmerge: warning: conflicts during merge
rcsmerge: warning: conflicts during merge
rcsmerge: warning: conflicts during merge
rcsmerge: warning: conflicts during merge
rcsmerge: warning: conflicts during merge
rcsmerge: warning: conflicts during merge
rcsmerge: warning: conflicts during merge
rcsmerge: warning: conflicts during merge
rcsmerge: warning: conflicts during merge
rcsmerge: warning: conflicts during merge
cvs update: Updating src/Infrastructure/Mesh/include/Zoltan
cvs update: Updating src/Infrastructure/Mesh/include/sacado
cvs update: Updating src/Infrastructure/Mesh/interface
rcsmerge: warning: conflicts during merge
cvs update: Updating src/Infrastructure/Mesh/src
rcsmerge: warning: conflicts during merge
rcsmerge: warning: conflicts during merge
rcsmerge: warning: conflicts during merge
rcsmerge: warning: conflicts during merge
rcsmerge: warning: conflicts during merge
rcsmerge: warning: conflicts during merge
rcsmerge: warning: conflicts during merge
rcsmerge: warning: conflicts during merge
rcsmerge: warning: conflicts during merge
rcsmerge: warning: conflicts during merge
rcsmerge: warning: conflicts during merge
rcsmerge: warning: conflicts during merge
rcsmerge: warning: conflicts during merge
rcsmerge: warning: conflicts during merge
rcsmerge: warning: conflicts during merge
rcsmerge: warning: conflicts during merge
rcsmerge: warning: conflicts during merge
rcsmerge: warning: conflicts during merge
rcsmerge: warning: conflicts during merge
rcsmerge: warning: conflicts during merge
rcsmerge: warning: conflicts during merge
rcsmerge: warning: conflicts during merge
rcsmerge: warning: conflicts during merge
rcsmerge: warning: conflicts during merge
rcsmerge: warning: conflicts during merge
rcsmerge: warning: conflicts during merge
rcsmerge: warning: conflicts during merge
rcsmerge: warning: conflicts during merge
rcsmerge: warning: conflicts during merge
rcsmerge: warning: conflicts during merge
rcsmerge: warning: conflicts during merge
rcsmerge: warning: conflicts during merge
rcsmerge: warning: conflicts during merge
rcsmerge: warning: conflicts during merge
rcsmerge: warning: conflicts during merge
rcsmerge: warning: conflicts during merge
rcsmerge: warning: conflicts during merge
rcsmerge: warning: conflicts during merge
rcsmerge: warning: conflicts during merge
rcsmerge: warning: conflicts during merge
rcsmerge: warning: conflicts during merge
rcsmerge: warning: conflicts during merge
rcsmerge: warning: conflicts during merge
rcsmerge: warning: conflicts during merge
rcsmerge: warning: conflicts during merge
rcsmerge: warning: conflicts during merge
rcsmerge: warning: conflicts during merge
rcsmerge: warning: conflicts during merge
rcsmerge: warning: conflicts during merge
rcsmerge: warning: conflicts during merge
rcsmerge: warning: conflicts during merge
rcsmerge: warning: conflicts during merge
rcsmerge: warning: conflicts during merge
rcsmerge: warning: conflicts during merge
rcsmerge: warning: conflicts during merge
rcsmerge: warning: conflicts during merge
cvs update: Updating src/Infrastructure/Mesh/src/ExodusII
cvs update: Updating src/Infrastructure/Mesh/src/Metis
cvs update: Updating src/Infrastructure/Mesh/src/Zoltan
rcsmerge: warning: conflicts during merge
rcsmerge: warning: conflicts during merge
rcsmerge: warning: conflicts during merge
rcsmerge: warning: conflicts during merge
cvs update: Updating src/Infrastructure/Mesh/src/exodusii
cvs update: Updating src/Infrastructure/Mesh/tests
cvs update: Updating src/Infrastructure/Mesh/tests/data
cvs update: Updating src/Infrastructure/PerfProf
cvs update: Updating src/Infrastructure/PerfProf/doc
cvs update: Updating src/Infrastructure/PerfProf/include
cvs update: Updating src/Infrastructure/PerfProf/interface
cvs update: Updating src/Infrastructure/PerfProf/src
cvs update: Updating src/Infrastructure/PhysGrid
cvs update: Updating src/Infrastructure/PhysGrid/doc
cvs update: Updating src/Infrastructure/PhysGrid/examples
cvs update: Updating src/Infrastructure/PhysGrid/include
cvs update: Updating src/Infrastructure/PhysGrid/interface
cvs update: Updating src/Infrastructure/PhysGrid/src
cvs update: Updating src/Infrastructure/Regrid
cvs update: Updating src/Infrastructure/Regrid/doc
cvs update: Updating src/Infrastructure/Regrid/examples
cvs update: Updating src/Infrastructure/Regrid/include
cvs update: Updating src/Infrastructure/Regrid/interface
cvs update: Updating src/Infrastructure/Regrid/src
cvs update: Updating src/Infrastructure/Regrid/tests
cvs update: Updating src/Infrastructure/Route
cvs update: Updating src/Infrastructure/Route/doc
cvs update: Updating src/Infrastructure/Route/examples
cvs update: Updating src/Infrastructure/Route/include
cvs update: Updating src/Infrastructure/Route/interface
cvs update: Updating src/Infrastructure/Route/src
cvs update: Updating src/Infrastructure/Route/tests
cvs update: Updating src/Infrastructure/TimeMgmt
cvs update: Updating src/Infrastructure/TimeMgmt/doc
cvs update: Updating src/Infrastructure/TimeMgmt/examples
cvs update: Updating src/Infrastructure/TimeMgmt/examples/C
cvs update: Updating src/Infrastructure/TimeMgmt/examples/F90
cvs update: Updating src/Infrastructure/TimeMgmt/include
cvs update: Updating src/Infrastructure/TimeMgmt/src
cvs update: Updating src/Infrastructure/TimeMgr
cvs update: Updating src/Infrastructure/TimeMgr/doc
cvs update: Updating src/Infrastructure/TimeMgr/examples
cvs update: Updating src/Infrastructure/TimeMgr/include
cvs update: Updating src/Infrastructure/TimeMgr/interface
cvs update: Updating src/Infrastructure/TimeMgr/src
cvs update: Updating src/Infrastructure/TimeMgr/tests
cvs update: Updating src/Infrastructure/Util
cvs update: Updating src/Infrastructure/Util/doc
cvs update: Updating src/Infrastructure/Util/examples
cvs update: Updating src/Infrastructure/Util/include
rcsmerge: warning: conflicts during merge
cvs update: Updating src/Infrastructure/Util/interface
cvs update: Updating src/Infrastructure/Util/src
rcsmerge: warning: conflicts during merge
cvs update: Updating src/Infrastructure/Util/tests
cvs update: Updating src/Infrastructure/VM
cvs update: Updating src/Infrastructure/VM/doc
cvs update: Updating src/Infrastructure/VM/examples
cvs update: Updating src/Infrastructure/VM/include
cvs update: Updating src/Infrastructure/VM/interface
cvs update: Updating src/Infrastructure/VM/src
cvs update: Updating src/Infrastructure/VM/tests
cvs update: Updating src/Infrastructure/internGrid
cvs update: Updating src/Infrastructure/mpiuni
cvs update: Updating src/Infrastructure/newArray
cvs update: Updating src/Infrastructure/newArray/doc
cvs update: Updating src/Infrastructure/newArray/examples
cvs update: Updating src/Infrastructure/newArray/include
cvs update: Updating src/Infrastructure/newArray/interface
cvs update: Updating src/Infrastructure/newArray/src
cvs update: Updating src/Infrastructure/newArray/tests
cvs update: Updating src/Infrastructure/newDELayout
cvs update: Updating src/Infrastructure/newDELayout/doc
cvs update: Updating src/Infrastructure/newDELayout/include
cvs update: Updating src/Infrastructure/newDELayout/interface
cvs update: Updating src/Infrastructure/newDELayout/src
cvs update: Updating src/Infrastructure/newGrid
cvs update: Updating src/Infrastructure/newGrid/doc
cvs update: Updating src/Infrastructure/newGrid/examples
cvs update: Updating src/Infrastructure/newGrid/include
cvs update: Updating src/Infrastructure/newGrid/interface
cvs update: Updating src/Infrastructure/newGrid/src
cvs update: Updating src/Infrastructure/newGrid/tests
cvs update: Updating src/Infrastructure/stubs
cvs update: Updating src/Infrastructure/stubs/hdf_stubs
cvs update: Updating src/Infrastructure/stubs/mpiuni
cvs update: Updating src/Infrastructure/stubs/netcdf_stubs
cvs update: Updating src/Infrastructure/stubs/pthread
cvs update: Updating src/SanityTests
cvs update: Updating src/Superstructure
cvs update: Updating src/Superstructure/AppDriver
cvs update: Updating src/Superstructure/AppDriver/concur_pairwise_fdriver_spmd
cvs update: Updating src/Superstructure/AppDriver/doc
cvs update: Updating src/Superstructure/AppDriver/seq_pairwise_fdriver_spmd
cvs update: Updating src/Superstructure/AttributeAPI
cvs update: Updating src/Superstructure/AttributeAPI/doc
cvs update: Updating src/Superstructure/AttributeAPI/examples
cvs update: Updating src/Superstructure/AttributeAPI/interface
cvs update: Updating src/Superstructure/AttributeAPI/src
cvs update: Updating src/Superstructure/AttributeAPI/tests
cvs update: Updating src/Superstructure/Attribute_API
cvs update: Updating src/Superstructure/Attribute_API/doc
cvs update: Updating src/Superstructure/Attribute_API/examples
cvs update: Updating src/Superstructure/Attribute_API/interface
cvs update: Updating src/Superstructure/Attribute_API/tests
cvs update: Updating src/Superstructure/Component
cvs update: Updating src/Superstructure/Component/doc
cvs update: Updating src/Superstructure/Component/doc/Component_desdoc
cvs update: Updating src/Superstructure/Component/etc
cvs update: Updating src/Superstructure/Component/examples
cvs update: Updating src/Superstructure/Component/include
cvs update: Updating src/Superstructure/Component/interface
cvs update: Updating src/Superstructure/Component/src
cvs update: Updating src/Superstructure/Component/tests
cvs update: Updating src/Superstructure/ESMFMod
cvs update: Updating src/Superstructure/ESMFMod/doc
cvs update: Updating src/Superstructure/ESMFMod/examples
cvs update: Updating src/Superstructure/ESMFMod/include
cvs update: Updating src/Superstructure/ESMFMod/interface
cvs update: Updating src/Superstructure/ESMFMod/src
cvs update: Updating src/Superstructure/ESMFMod/tests
cvs update: Updating src/Superstructure/IOAPI
cvs update: Updating src/Superstructure/IOAPI/doc
cvs update: Updating src/Superstructure/IOAPI/examples
cvs update: Updating src/Superstructure/IOAPI/interface
cvs update: Updating src/Superstructure/IOAPI/src
cvs update: Updating src/Superstructure/IOAPI/tests
cvs update: Updating src/Superstructure/State
cvs update: Updating src/Superstructure/State/doc
cvs update: Updating src/Superstructure/State/examples
cvs update: Updating src/Superstructure/State/include
cvs update: Updating src/Superstructure/State/interface
cvs update: Updating src/Superstructure/State/src
cvs update: Updating src/Superstructure/State/tests
cvs update: Updating src/Superstructure/Xform
cvs update: Updating src/Superstructure/Xform/doc
cvs update: Updating src/Superstructure/Xform/examples
cvs update: Updating src/Superstructure/Xform/include
cvs update: Updating src/Superstructure/Xform/interface
cvs update: Updating src/Superstructure/Xform/src
cvs update: Updating src/Superstructure/Xform/tests
cvs update: Updating src/SystemTests
cvs update: Updating src/SystemTests/62501
cvs update: Updating src/SystemTests/62502
cvs update: Updating src/SystemTests/62503
cvs update: Updating src/SystemTests/63029
cvs update: Updating src/SystemTests/69527
cvs update: Updating src/SystemTests/70384
cvs update: Updating src/SystemTests/70385
cvs update: Updating src/SystemTests/74558
cvs update: Updating src/SystemTests/74559
cvs update: Updating src/SystemTests/79497
cvs update: Updating src/SystemTests/82899
cvs update: Updating src/SystemTests/templates
cvs update: Updating src/TestBin
cvs update: Updating src/apps
cvs update: Updating src/apps/ESMC_Info
cvs update: Updating src/apps/ESMF_Info
cvs update: Updating src/config
cvs update: Updating src/demo
cvs update: Updating src/demo/coupled_flow
cvs update: Updating src/demo/coupled_flow/doc
cvs update: Updating src/demo/coupled_flow/src
cvs update: Updating src/demo/interacting_flow
cvs update: Updating src/demo/interacting_flow/doc
cvs update: Updating src/demo/interacting_flow/src
cvs update: Updating src/demos
cvs update: Updating src/demos/coupled_flow
cvs update: Updating src/demos/coupled_flow/doc
cvs update: Updating src/demos/coupled_flow/src
cvs update: Updating src/demos/doc
cvs update: Updating src/demos/src
cvs update: Updating src/doc
Read from remote host esmf.cvs.sourceforge.net: No route to host
cvs [update aborted]: end of file from server (consult above messages if any)
