Bugs                   = 1505
Support requests       = 1155
Feature requests       = 411
Vendor bugs            = 55
Application issues     = 27
NUOPC feature requests = 13
NUOPC support requests = 30
Submitting blank ticket #0
Submitting blank ticket #1
Submitting blank ticket #2
Submitting blank ticket #3
Submitting blank ticket #4
Submitting blank ticket #5
Submitting blank ticket #6
Submitting blank ticket #7
Submitting blank ticket #8
Submitting blank ticket #9
Submitting blank ticket #10
Submitting blank ticket #11
Submitting blank ticket #12
Submitting blank ticket #13
Submitting blank ticket #14
Submitting blank ticket #15
Submitting blank ticket #16
Submitting blank ticket #17
Submitting blank ticket #18
Submitting blank ticket #19
Submitting blank ticket #20
Submitting blank ticket #21
Submitting blank ticket #22
Submitting blank ticket #23
Submitting blank ticket #24
Submitting blank ticket #25
Submitting blank ticket #26
Submitting blank ticket #27
Submitting blank ticket #28
Submitting blank ticket #29
Submitting blank ticket #30
Submitting blank ticket #31
Submitting blank ticket #32
Submitting blank ticket #33
Submitting blank ticket #34
Submitting blank ticket #35
Submitting blank ticket #36
Submitting blank ticket #37
Submitting blank ticket #38
Submitting blank ticket #39
Submitting blank ticket #40
Submitting blank ticket #41
Submitting blank ticket #42
Submitting blank ticket #43
Submitting blank ticket #44
Submitting blank ticket #45
Submitting blank ticket #46
Submitting blank ticket #47
Submitting blank ticket #48
Submitting blank ticket #49
Submitting blank ticket #50
Submitting blank ticket #51
Submitting blank ticket #52
Submitting blank ticket #53
Submitting blank ticket #54
Submitting blank ticket #55
Submitting blank ticket #56
Submitting blank ticket #57
Submitting blank ticket #58
Submitting blank ticket #59
Submitting blank ticket #60
Submitting blank ticket #61
Submitting blank ticket #62
Submitting blank ticket #63
Submitting blank ticket #64
Submitting blank ticket #65
Submitting blank ticket #66
Submitting blank ticket #67
Submitting blank ticket #68
Submitting blank ticket #69
Submitting blank ticket #70
Submitting blank ticket #71
Submitting blank ticket #72
Submitting blank ticket #73
Submitting blank ticket #74
Submitting blank ticket #75
Submitting blank ticket #76
Submitting blank ticket #77
Submitting blank ticket #78
Submitting blank ticket #79
Submitting blank ticket #80
Submitting blank ticket #81
Submitting blank ticket #82
Submitting blank ticket #83
Submitting blank ticket #84
Submitting blank ticket #85
Submitting blank ticket #86
Submitting blank ticket #87
Submitting blank ticket #88
Submitting blank ticket #89
Submitting blank ticket #90
Submitting blank ticket #91
Submitting blank ticket #92
Submitting blank ticket #93
Submitting blank ticket #94
Submitting blank ticket #95
Submitting blank ticket #96
Submitting blank ticket #97
Submitting blank ticket #98
Submitting blank ticket #99
Submitting blank ticket #100
Submitting blank ticket #101
Submitting blank ticket #102
Submitting blank ticket #103
Submitting blank ticket #104
Submitting blank ticket #105
Submitting blank ticket #106
Submitting blank ticket #107
Submitting blank ticket #108
Submitting blank ticket #109
Submitting blank ticket #110
Submitting blank ticket #111
Submitting blank ticket #112
Submitting blank ticket #113
Submitting blank ticket #114
Submitting blank ticket #115
Submitting blank ticket #116
Submitting blank ticket #117
Submitting blank ticket #118
Submitting blank ticket #119
Submitting blank ticket #120
Submitting blank ticket #121
Submitting blank ticket #122
Submitting blank ticket #123
Submitting blank ticket #124
Submitting blank ticket #125
Submitting blank ticket #126
Submitting blank ticket #127
Submitting blank ticket #128
Submitting blank ticket #129
Submitting blank ticket #130
Submitting blank ticket #131
Submitting blank ticket #132
Submitting blank ticket #133
Submitting blank ticket #134
Submitting blank ticket #135
Submitting blank ticket #136
Submitting blank ticket #137
Submitting blank ticket #138
Submitting blank ticket #139
Submitting blank ticket #140
Submitting blank ticket #141
Submitting blank ticket #142
Submitting blank ticket #143
Submitting blank ticket #144
Submitting blank ticket #145
Submitting blank ticket #146
Submitting blank ticket #147
Submitting blank ticket #148
Submitting blank ticket #149
Submitting blank ticket #150
Submitting blank ticket #151
Submitting blank ticket #152
Submitting blank ticket #153
Submitting blank ticket #154
Submitting blank ticket #155
Submitting blank ticket #156
Submitting blank ticket #157
Submitting blank ticket #158
Submitting blank ticket #159
Submitting blank ticket #160
Submitting blank ticket #161
Submitting blank ticket #162
Submitting blank ticket #163
Submitting blank ticket #164
Submitting blank ticket #165
Submitting blank ticket #166
Submitting blank ticket #167
Submitting blank ticket #168
Submitting blank ticket #169
Submitting blank ticket #170
Submitting blank ticket #171
Submitting blank ticket #172
Submitting blank ticket #173
Submitting blank ticket #174
Submitting blank ticket #175
Submitting blank ticket #176
Submitting blank ticket #177
Submitting blank ticket #178
Submitting blank ticket #179
Submitting blank ticket #180
Submitting blank ticket #181
Submitting blank ticket #182
Submitting blank ticket #183
Submitting blank ticket #184
Submitting blank ticket #185
Submitting blank ticket #186
Submitting blank ticket #187
Submitting blank ticket #188
Submitting blank ticket #189
Submitting blank ticket #190
Submitting blank ticket #191
Submitting blank ticket #192
Submitting blank ticket #193
Submitting blank ticket #194
Submitting blank ticket #195
Submitting blank ticket #196
Submitting blank ticket #197
Submitting blank ticket #198
Submitting blank ticket #199
Submitting blank ticket #200
Submitting blank ticket #201
Submitting blank ticket #202
Submitting blank ticket #203
Submitting blank ticket #204
Submitting blank ticket #205
Submitting blank ticket #206
Submitting blank ticket #207
Submitting blank ticket #208
Submitting blank ticket #209
Submitting blank ticket #210
Submitting blank ticket #211
Submitting blank ticket #212
Submitting blank ticket #213
Submitting blank ticket #214
Submitting blank ticket #215
Submitting blank ticket #216
Submitting blank ticket #217
Submitting blank ticket #218
Submitting blank ticket #219
Submitting blank ticket #220
Submitting blank ticket #221
Submitting blank ticket #222
Submitting blank ticket #223
Submitting blank ticket #224
Submitting blank ticket #225
Submitting blank ticket #226
Submitting blank ticket #227
Submitting blank ticket #228
Submitting blank ticket #229
Submitting blank ticket #230
Submitting blank ticket #231
Submitting blank ticket #232
Submitting blank ticket #233
Submitting blank ticket #234
Submitting blank ticket #235
Submitting blank ticket #236
Submitting blank ticket #237
Submitting blank ticket #238
Submitting blank ticket #239
Submitting blank ticket #240
Submitting blank ticket #241
Submitting blank ticket #242
Submitting blank ticket #243
Submitting blank ticket #244
Submitting blank ticket #245
Submitting blank ticket #246
Submitting blank ticket #247
Submitting blank ticket #248
Submitting blank ticket #249
Submitting blank ticket #250
Submitting blank ticket #251
Submitting blank ticket #252
Submitting blank ticket #253
Submitting blank ticket #254
Submitting blank ticket #255
Submitting blank ticket #256
Submitting blank ticket #257
Submitting blank ticket #258
Submitting blank ticket #259
Submitting blank ticket #260
Submitting blank ticket #261
Submitting blank ticket #262
Submitting blank ticket #263
Submitting blank ticket #264
Submitting blank ticket #265
Submitting blank ticket #266
Submitting blank ticket #267
Submitting blank ticket #268
Submitting blank ticket #269
Submitting blank ticket #270
Submitting blank ticket #271
Submitting blank ticket #272
Submitting blank ticket #273
Submitting blank ticket #274
Submitting blank ticket #275
Submitting blank ticket #276
Submitting blank ticket #277
Submitting blank ticket #278
Submitting blank ticket #279
Submitting blank ticket #280
Submitting blank ticket #281
Submitting blank ticket #282
Submitting blank ticket #283
Submitting blank ticket #284
Submitting blank ticket #285
Submitting blank ticket #286
Submitting blank ticket #287
Submitting blank ticket #288
Submitting blank ticket #289
Submitting blank ticket #290
Submitting blank ticket #291
Submitting blank ticket #292
Submitting blank ticket #293
Submitting blank ticket #294
Submitting blank ticket #295
Submitting blank ticket #296
Submitting blank ticket #297
Submitting blank ticket #298
Submitting blank ticket #299
Submitting blank ticket #300
Submitting blank ticket #301
Submitting blank ticket #302
Submitting blank ticket #303
Submitting blank ticket #304
Submitting blank ticket #305
Submitting blank ticket #306
Submitting blank ticket #307
Submitting blank ticket #308
Submitting blank ticket #309
Submitting blank ticket #310
Submitting blank ticket #311
Submitting blank ticket #312
Submitting blank ticket #313
Submitting blank ticket #314
Submitting blank ticket #315
Submitting blank ticket #316
Submitting blank ticket #317
Submitting blank ticket #318
Submitting blank ticket #319
Submitting blank ticket #320
Submitting blank ticket #321
Submitting blank ticket #322
Submitting blank ticket #323
Submitting blank ticket #324
Submitting blank ticket #325
Submitting blank ticket #326
Submitting blank ticket #327
Submitting blank ticket #328
Submitting blank ticket #329
Submitting blank ticket #330
Submitting blank ticket #331
Submitting blank ticket #332
Submitting blank ticket #333
Submitting blank ticket #334
Submitting blank ticket #335
Submitting blank ticket #336
Submitting blank ticket #337
Submitting blank ticket #338
Submitting blank ticket #339
Submitting blank ticket #340
Submitting blank ticket #341
Submitting blank ticket #342
Submitting blank ticket #343
Submitting blank ticket #344
Submitting blank ticket #345
Submitting blank ticket #346
Submitting blank ticket #347
Submitting blank ticket #348
Submitting blank ticket #349
Submitting blank ticket #350
Submitting blank ticket #351
Submitting blank ticket #352
Submitting blank ticket #353
Submitting blank ticket #354
Submitting blank ticket #355
Submitting blank ticket #356
Submitting blank ticket #357
Submitting blank ticket #358
Submitting blank ticket #359
Submitting blank ticket #360
Submitting blank ticket #361
Submitting blank ticket #362
Submitting blank ticket #363
Submitting blank ticket #364
Submitting blank ticket #365
Submitting blank ticket #366
Submitting blank ticket #367
Submitting blank ticket #368
Submitting blank ticket #369
Submitting blank ticket #370
Submitting blank ticket #371
Submitting blank ticket #372
Submitting blank ticket #373
Submitting blank ticket #374
Submitting blank ticket #375
Submitting blank ticket #376
Submitting blank ticket #377
Submitting blank ticket #378
Submitting blank ticket #379
Submitting blank ticket #380
Submitting blank ticket #381
Submitting blank ticket #382
Submitting blank ticket #383
Submitting blank ticket #384
Submitting blank ticket #385
Submitting blank ticket #386
Submitting blank ticket #387
Submitting blank ticket #388
Submitting blank ticket #389
Submitting blank ticket #390
Submitting blank ticket #391
Submitting blank ticket #392
Submitting blank ticket #393
Submitting blank ticket #394
Submitting blank ticket #395
Submitting blank ticket #396
Submitting blank ticket #397
Submitting blank ticket #398
Submitting blank ticket #399
Submitting blank ticket #400
Submitting blank ticket #401
Submitting blank ticket #402
Submitting blank ticket #403
Submitting blank ticket #404
Submitting blank ticket #405
Submitting blank ticket #406
Submitting blank ticket #407
Submitting blank ticket #408
Submitting blank ticket #409
Submitting blank ticket #410
Submitting blank ticket #411
Submitting blank ticket #412
Submitting blank ticket #413
Submitting blank ticket #414
Submitting blank ticket #415
Submitting blank ticket #416
Submitting blank ticket #417
Submitting blank ticket #418
Submitting blank ticket #419
Submitting blank ticket #420
Submitting blank ticket #421
Submitting blank ticket #422
Submitting blank ticket #423
Submitting blank ticket #424
Submitting blank ticket #425
Submitting blank ticket #426
Submitting blank ticket #427
Submitting blank ticket #428
Submitting blank ticket #429
Submitting blank ticket #430
Submitting blank ticket #431
Submitting blank ticket #432
Submitting blank ticket #433
Submitting blank ticket #434
Submitting blank ticket #435
Submitting blank ticket #436
Submitting blank ticket #437
Submitting blank ticket #438
Submitting blank ticket #439
Submitting blank ticket #440
Submitting blank ticket #441
Submitting blank ticket #442
Submitting blank ticket #443
Submitting blank ticket #444
Submitting blank ticket #445
Submitting blank ticket #446
Submitting blank ticket #447
Submitting blank ticket #448
Submitting blank ticket #449
Submitting blank ticket #450
Submitting blank ticket #451
Submitting blank ticket #452
Submitting blank ticket #453
Submitting blank ticket #454
Submitting blank ticket #455
Submitting blank ticket #456
Submitting blank ticket #457
Submitting blank ticket #458
Submitting blank ticket #459
Submitting blank ticket #460
Submitting blank ticket #461
Submitting blank ticket #462
Submitting blank ticket #463
Submitting blank ticket #464
Submitting blank ticket #465
Submitting blank ticket #466
Submitting blank ticket #467
Submitting blank ticket #468
Submitting blank ticket #469
Submitting blank ticket #470
Submitting blank ticket #471
Submitting blank ticket #472
Submitting blank ticket #473
Submitting blank ticket #474
Submitting blank ticket #475
Submitting blank ticket #476
Submitting blank ticket #477
Submitting blank ticket #478
Submitting blank ticket #479
Submitting blank ticket #480
Submitting blank ticket #481
Submitting blank ticket #482
Submitting blank ticket #483
Submitting blank ticket #484
Submitting blank ticket #485
Submitting blank ticket #486
Submitting blank ticket #487
Submitting blank ticket #488
Submitting blank ticket #489
Submitting blank ticket #490
Submitting blank ticket #491
Submitting blank ticket #492
Submitting blank ticket #493
Submitting blank ticket #494
Submitting blank ticket #495
Submitting blank ticket #496
Submitting blank ticket #497
Submitting blank ticket #498
Submitting blank ticket #499
Submitting blank ticket #500
Submitting blank ticket #501
Submitting blank ticket #502
Submitting blank ticket #503
Submitting blank ticket #504
Submitting blank ticket #505
Submitting blank ticket #506
Submitting blank ticket #507
Submitting blank ticket #508
Submitting blank ticket #509
Submitting blank ticket #510
Submitting blank ticket #511
Submitting blank ticket #512
Submitting blank ticket #513
Submitting blank ticket #514
Submitting blank ticket #515
Submitting blank ticket #516
Submitting blank ticket #517
Submitting blank ticket #518
Submitting blank ticket #519
Submitting blank ticket #520
Submitting blank ticket #521
Submitting blank ticket #522
Submitting blank ticket #523
Submitting blank ticket #524
Submitting blank ticket #525
Submitting blank ticket #526
Submitting blank ticket #527
Submitting blank ticket #528
Submitting blank ticket #529
Submitting blank ticket #530
Submitting blank ticket #531
Submitting blank ticket #532
Submitting blank ticket #533
Submitting blank ticket #534
Submitting blank ticket #535
Submitting blank ticket #536
Submitting blank ticket #537
Submitting blank ticket #538
Submitting blank ticket #539
Submitting blank ticket #540
Submitting blank ticket #541
Submitting blank ticket #542
Submitting blank ticket #543
Submitting blank ticket #544
Submitting blank ticket #545
Submitting blank ticket #546
Submitting blank ticket #547
Submitting blank ticket #548
Submitting blank ticket #549
Submitting blank ticket #550
Submitting blank ticket #551
Submitting blank ticket #552
Submitting blank ticket #553
Submitting blank ticket #554
Submitting blank ticket #555
Submitting blank ticket #556
Submitting blank ticket #557
Submitting blank ticket #558
Submitting blank ticket #559
Submitting blank ticket #560
Submitting blank ticket #561
Submitting blank ticket #562
Submitting blank ticket #563
Submitting blank ticket #564
Traceback (most recent call last):
  File "pushTix2SF.py", line 79, in <module>
    response = client.request(url_tracker, 'POST', body=urlencode(body))
  File "/export/esmf/python/2.7.2/lib/python2.7/site-packages/oauth2/__init__.py", line 682, in request
    connection_type=connection_type)
  File "/export/esmf/python/2.7.2/lib/python2.7/site-packages/httplib2/__init__.py", line 1570, in request
    (response, content) = self._request(conn, authority, uri, request_uri, method, body, headers, redirections, cachekey)
  File "/export/esmf/python/2.7.2/lib/python2.7/site-packages/httplib2/__init__.py", line 1317, in _request
    (response, content) = self._conn_request(conn, request_uri, method, body, headers)
  File "/export/esmf/python/2.7.2/lib/python2.7/site-packages/httplib2/__init__.py", line 1286, in _conn_request
    response = conn.getresponse()
  File "/export/esmf/python/2.7.2/lib/python2.7/httplib.py", line 1027, in getresponse
    response.begin()
  File "/export/esmf/python/2.7.2/lib/python2.7/httplib.py", line 407, in begin
    version, status, reason = self._read_status()
  File "/export/esmf/python/2.7.2/lib/python2.7/httplib.py", line 365, in _read_status
    line = self.fp.readline()
  File "/export/esmf/python/2.7.2/lib/python2.7/socket.py", line 430, in readline
    data = recv(1)
socket.error: [Errno 104] Connection reset by peer
