Bugs                   = 1505
Support requests       = 1155
Feature requests       = 411
Vendor bugs            = 55
Application issues     = 27
NUOPC feature requests = 13
NUOPC support requests = 30
Ticket #0 Done. Response was:
({'status': '302', 'content-length': '139', 'vary': 'Accept-Encoding', 'server': 'nginx/0.8.54', 'connection': 'close', 'location': 'http://sourceforge.net/rest/p/testesmfmigrati/tickets/9942/', 'pragma': 'no-cache', 'cache-control': 'no-cache', 'date': 'Fri, 23 Aug 2013 06:10:45 GMT', 'content-type': 'text/plain; charset=UTF-8'}, '302 Found\n\nThe resource was found at http://sourceforge.net/rest/p/testesmfmigrati/tickets/9942/; you should be redirected automatically.  ')

Ticket #1 Done. Response was:
({'status': '302', 'content-length': '139', 'vary': 'Accept-Encoding', 'server': 'nginx/0.8.54', 'connection': 'close', 'location': 'http://sourceforge.net/rest/p/testesmfmigrati/tickets/9943/', 'pragma': 'no-cache', 'cache-control': 'no-cache', 'date': 'Fri, 23 Aug 2013 06:10:54 GMT', 'content-type': 'text/plain; charset=UTF-8'}, '302 Found\n\nThe resource was found at http://sourceforge.net/rest/p/testesmfmigrati/tickets/9943/; you should be redirected automatically.  ')

Ticket #2 Done. Response was:
({'status': '302', 'content-length': '139', 'vary': 'Accept-Encoding', 'server': 'nginx/0.8.54', 'connection': 'close', 'location': 'http://sourceforge.net/rest/p/testesmfmigrati/tickets/9944/', 'pragma': 'no-cache', 'cache-control': 'no-cache', 'date': 'Fri, 23 Aug 2013 06:10:59 GMT', 'content-type': 'text/plain; charset=UTF-8'}, '302 Found\n\nThe resource was found at http://sourceforge.net/rest/p/testesmfmigrati/tickets/9944/; you should be redirected automatically.  ')

Ticket #3 Done. Response was:
({'status': '302', 'content-length': '139', 'vary': 'Accept-Encoding', 'server': 'nginx/0.8.54', 'connection': 'close', 'location': 'http://sourceforge.net/rest/p/testesmfmigrati/tickets/9945/', 'pragma': 'no-cache', 'cache-control': 'no-cache', 'date': 'Fri, 23 Aug 2013 06:11:04 GMT', 'content-type': 'text/plain; charset=UTF-8'}, '302 Found\n\nThe resource was found at http://sourceforge.net/rest/p/testesmfmigrati/tickets/9945/; you should be redirected automatically.  ')

Ticket #4 Done. Response was:
({'status': '302', 'content-length': '139', 'vary': 'Accept-Encoding', 'server': 'nginx/0.8.54', 'connection': 'close', 'location': 'http://sourceforge.net/rest/p/testesmfmigrati/tickets/9946/', 'pragma': 'no-cache', 'cache-control': 'no-cache', 'date': 'Fri, 23 Aug 2013 06:11:07 GMT', 'content-type': 'text/plain; charset=UTF-8'}, '302 Found\n\nThe resource was found at http://sourceforge.net/rest/p/testesmfmigrati/tickets/9946/; you should be redirected automatically.  ')

Ticket #5 Done. Response was:
({'status': '302', 'content-length': '139', 'vary': 'Accept-Encoding', 'server': 'nginx/0.8.54', 'connection': 'close', 'location': 'http://sourceforge.net/rest/p/testesmfmigrati/tickets/9947/', 'pragma': 'no-cache', 'cache-control': 'no-cache', 'date': 'Fri, 23 Aug 2013 06:11:11 GMT', 'content-type': 'text/plain; charset=UTF-8'}, '302 Found\n\nThe resource was found at http://sourceforge.net/rest/p/testesmfmigrati/tickets/9947/; you should be redirected automatically.  ')

Ticket #6 Done. Response was:
({'status': '302', 'content-length': '139', 'vary': 'Accept-Encoding', 'server': 'nginx/0.8.54', 'connection': 'close', 'location': 'http://sourceforge.net/rest/p/testesmfmigrati/tickets/9948/', 'pragma': 'no-cache', 'cache-control': 'no-cache', 'date': 'Fri, 23 Aug 2013 06:11:17 GMT', 'content-type': 'text/plain; charset=UTF-8'}, '302 Found\n\nThe resource was found at http://sourceforge.net/rest/p/testesmfmigrati/tickets/9948/; you should be redirected automatically.  ')

Ticket #7 Done. Response was:
({'status': '302', 'content-length': '139', 'vary': 'Accept-Encoding', 'server': 'nginx/0.8.54', 'connection': 'close', 'location': 'http://sourceforge.net/rest/p/testesmfmigrati/tickets/9949/', 'pragma': 'no-cache', 'cache-control': 'no-cache', 'date': 'Fri, 23 Aug 2013 06:11:24 GMT', 'content-type': 'text/plain; charset=UTF-8'}, '302 Found\n\nThe resource was found at http://sourceforge.net/rest/p/testesmfmigrati/tickets/9949/; you should be redirected automatically.  ')

Ticket #8 Done. Response was:
({'status': '302', 'content-length': '139', 'vary': 'Accept-Encoding', 'server': 'nginx/0.8.54', 'connection': 'close', 'location': 'http://sourceforge.net/rest/p/testesmfmigrati/tickets/9950/', 'pragma': 'no-cache', 'cache-control': 'no-cache', 'date': 'Fri, 23 Aug 2013 06:11:30 GMT', 'content-type': 'text/plain; charset=UTF-8'}, '302 Found\n\nThe resource was found at http://sourceforge.net/rest/p/testesmfmigrati/tickets/9950/; you should be redirected automatically.  ')

Ticket #9 Done. Response was:
({'status': '302', 'content-length': '139', 'vary': 'Accept-Encoding', 'server': 'nginx/0.8.54', 'connection': 'close', 'location': 'http://sourceforge.net/rest/p/testesmfmigrati/tickets/9951/', 'pragma': 'no-cache', 'cache-control': 'no-cache', 'date': 'Fri, 23 Aug 2013 06:11:35 GMT', 'content-type': 'text/plain; charset=UTF-8'}, '302 Found\n\nThe resource was found at http://sourceforge.net/rest/p/testesmfmigrati/tickets/9951/; you should be redirected automatically.  ')

Ticket #10 Done. Response was:
({'status': '302', 'content-length': '139', 'vary': 'Accept-Encoding', 'server': 'nginx/0.8.54', 'connection': 'close', 'location': 'http://sourceforge.net/rest/p/testesmfmigrati/tickets/9952/', 'pragma': 'no-cache', 'cache-control': 'no-cache', 'date': 'Fri, 23 Aug 2013 06:11:43 GMT', 'content-type': 'text/plain; charset=UTF-8'}, '302 Found\n\nThe resource was found at http://sourceforge.net/rest/p/testesmfmigrati/tickets/9952/; you should be redirected automatically.  ')

Ticket #11 Done. Response was:
({'status': '302', 'content-length': '139', 'vary': 'Accept-Encoding', 'server': 'nginx/0.8.54', 'connection': 'close', 'location': 'http://sourceforge.net/rest/p/testesmfmigrati/tickets/9953/', 'pragma': 'no-cache', 'cache-control': 'no-cache', 'date': 'Fri, 23 Aug 2013 06:11:49 GMT', 'content-type': 'text/plain; charset=UTF-8'}, '302 Found\n\nThe resource was found at http://sourceforge.net/rest/p/testesmfmigrati/tickets/9953/; you should be redirected automatically.  ')

Ticket #12 Done. Response was:
({'status': '302', 'content-length': '139', 'vary': 'Accept-Encoding', 'server': 'nginx/0.8.54', 'connection': 'close', 'location': 'http://sourceforge.net/rest/p/testesmfmigrati/tickets/9954/', 'pragma': 'no-cache', 'cache-control': 'no-cache', 'date': 'Fri, 23 Aug 2013 06:11:54 GMT', 'content-type': 'text/plain; charset=UTF-8'}, '302 Found\n\nThe resource was found at http://sourceforge.net/rest/p/testesmfmigrati/tickets/9954/; you should be redirected automatically.  ')

Ticket #13 Done. Response was:
({'status': '302', 'content-length': '139', 'vary': 'Accept-Encoding', 'server': 'nginx/0.8.54', 'connection': 'close', 'location': 'http://sourceforge.net/rest/p/testesmfmigrati/tickets/9955/', 'pragma': 'no-cache', 'cache-control': 'no-cache', 'date': 'Fri, 23 Aug 2013 06:11:59 GMT', 'content-type': 'text/plain; charset=UTF-8'}, '302 Found\n\nThe resource was found at http://sourceforge.net/rest/p/testesmfmigrati/tickets/9955/; you should be redirected automatically.  ')

Ticket #14 Done. Response was:
({'status': '302', 'content-length': '139', 'vary': 'Accept-Encoding', 'server': 'nginx/0.8.54', 'connection': 'close', 'location': 'http://sourceforge.net/rest/p/testesmfmigrati/tickets/9956/', 'pragma': 'no-cache', 'cache-control': 'no-cache', 'date': 'Fri, 23 Aug 2013 06:12:03 GMT', 'content-type': 'text/plain; charset=UTF-8'}, '302 Found\n\nThe resource was found at http://sourceforge.net/rest/p/testesmfmigrati/tickets/9956/; you should be redirected automatically.  ')

Ticket #15 Done. Response was:
({'status': '302', 'content-length': '139', 'vary': 'Accept-Encoding', 'server': 'nginx/0.8.54', 'connection': 'close', 'location': 'http://sourceforge.net/rest/p/testesmfmigrati/tickets/9957/', 'pragma': 'no-cache', 'cache-control': 'no-cache', 'date': 'Fri, 23 Aug 2013 06:12:07 GMT', 'content-type': 'text/plain; charset=UTF-8'}, '302 Found\n\nThe resource was found at http://sourceforge.net/rest/p/testesmfmigrati/tickets/9957/; you should be redirected automatically.  ')

Ticket #16 Done. Response was:
({'status': '302', 'content-length': '139', 'vary': 'Accept-Encoding', 'server': 'nginx/0.8.54', 'connection': 'close', 'location': 'http://sourceforge.net/rest/p/testesmfmigrati/tickets/9958/', 'pragma': 'no-cache', 'cache-control': 'no-cache', 'date': 'Fri, 23 Aug 2013 06:12:20 GMT', 'content-type': 'text/plain; charset=UTF-8'}, '302 Found\n\nThe resource was found at http://sourceforge.net/rest/p/testesmfmigrati/tickets/9958/; you should be redirected automatically.  ')

Ticket #17 Done. Response was:
({'status': '302', 'content-length': '139', 'vary': 'Accept-Encoding', 'server': 'nginx/0.8.54', 'connection': 'close', 'location': 'http://sourceforge.net/rest/p/testesmfmigrati/tickets/9959/', 'pragma': 'no-cache', 'cache-control': 'no-cache', 'date': 'Fri, 23 Aug 2013 06:12:24 GMT', 'content-type': 'text/plain; charset=UTF-8'}, '302 Found\n\nThe resource was found at http://sourceforge.net/rest/p/testesmfmigrati/tickets/9959/; you should be redirected automatically.  ')

Ticket #18 Done. Response was:
({'status': '302', 'content-length': '139', 'vary': 'Accept-Encoding', 'server': 'nginx/0.8.54', 'connection': 'close', 'location': 'http://sourceforge.net/rest/p/testesmfmigrati/tickets/9960/', 'pragma': 'no-cache', 'cache-control': 'no-cache', 'date': 'Fri, 23 Aug 2013 06:12:28 GMT', 'content-type': 'text/plain; charset=UTF-8'}, '302 Found\n\nThe resource was found at http://sourceforge.net/rest/p/testesmfmigrati/tickets/9960/; you should be redirected automatically.  ')

Ticket #19 Done. Response was:
({'status': '302', 'content-length': '139', 'vary': 'Accept-Encoding', 'server': 'nginx/0.8.54', 'connection': 'close', 'location': 'http://sourceforge.net/rest/p/testesmfmigrati/tickets/9961/', 'pragma': 'no-cache', 'cache-control': 'no-cache', 'date': 'Fri, 23 Aug 2013 06:12:34 GMT', 'content-type': 'text/plain; charset=UTF-8'}, '302 Found\n\nThe resource was found at http://sourceforge.net/rest/p/testesmfmigrati/tickets/9961/; you should be redirected automatically.  ')

Ticket #20 Done. Response was:
({'status': '302', 'content-length': '139', 'vary': 'Accept-Encoding', 'server': 'nginx/0.8.54', 'connection': 'close', 'location': 'http://sourceforge.net/rest/p/testesmfmigrati/tickets/9962/', 'pragma': 'no-cache', 'cache-control': 'no-cache', 'date': 'Fri, 23 Aug 2013 06:12:38 GMT', 'content-type': 'text/plain; charset=UTF-8'}, '302 Found\n\nThe resource was found at http://sourceforge.net/rest/p/testesmfmigrati/tickets/9962/; you should be redirected automatically.  ')

Ticket #21 Done. Response was:
({'status': '302', 'content-length': '139', 'vary': 'Accept-Encoding', 'server': 'nginx/0.8.54', 'connection': 'close', 'location': 'http://sourceforge.net/rest/p/testesmfmigrati/tickets/9963/', 'pragma': 'no-cache', 'cache-control': 'no-cache', 'date': 'Fri, 23 Aug 2013 06:12:42 GMT', 'content-type': 'text/plain; charset=UTF-8'}, '302 Found\n\nThe resource was found at http://sourceforge.net/rest/p/testesmfmigrati/tickets/9963/; you should be redirected automatically.  ')

Ticket #22 Done. Response was:
({'status': '302', 'content-length': '139', 'vary': 'Accept-Encoding', 'server': 'nginx/0.8.54', 'connection': 'close', 'location': 'http://sourceforge.net/rest/p/testesmfmigrati/tickets/9964/', 'pragma': 'no-cache', 'cache-control': 'no-cache', 'date': 'Fri, 23 Aug 2013 06:12:45 GMT', 'content-type': 'text/plain; charset=UTF-8'}, '302 Found\n\nThe resource was found at http://sourceforge.net/rest/p/testesmfmigrati/tickets/9964/; you should be redirected automatically.  ')

Ticket #23 Done. Response was:
({'status': '302', 'content-length': '139', 'vary': 'Accept-Encoding', 'server': 'nginx/0.8.54', 'connection': 'close', 'location': 'http://sourceforge.net/rest/p/testesmfmigrati/tickets/9965/', 'pragma': 'no-cache', 'cache-control': 'no-cache', 'date': 'Fri, 23 Aug 2013 06:12:49 GMT', 'content-type': 'text/plain; charset=UTF-8'}, '302 Found\n\nThe resource was found at http://sourceforge.net/rest/p/testesmfmigrati/tickets/9965/; you should be redirected automatically.  ')

Ticket #24 Done. Response was:
({'status': '302', 'content-length': '139', 'vary': 'Accept-Encoding', 'server': 'nginx/0.8.54', 'connection': 'close', 'location': 'http://sourceforge.net/rest/p/testesmfmigrati/tickets/9966/', 'pragma': 'no-cache', 'cache-control': 'no-cache', 'date': 'Fri, 23 Aug 2013 06:12:53 GMT', 'content-type': 'text/plain; charset=UTF-8'}, '302 Found\n\nThe resource was found at http://sourceforge.net/rest/p/testesmfmigrati/tickets/9966/; you should be redirected automatically.  ')

Ticket #25 Done. Response was:
({'status': '302', 'content-length': '139', 'vary': 'Accept-Encoding', 'server': 'nginx/0.8.54', 'connection': 'close', 'location': 'http://sourceforge.net/rest/p/testesmfmigrati/tickets/9967/', 'pragma': 'no-cache', 'cache-control': 'no-cache', 'date': 'Fri, 23 Aug 2013 06:12:57 GMT', 'content-type': 'text/plain; charset=UTF-8'}, '302 Found\n\nThe resource was found at http://sourceforge.net/rest/p/testesmfmigrati/tickets/9967/; you should be redirected automatically.  ')

Ticket #26 Done. Response was:
({'status': '302', 'content-length': '139', 'vary': 'Accept-Encoding', 'server': 'nginx/0.8.54', 'connection': 'close', 'location': 'http://sourceforge.net/rest/p/testesmfmigrati/tickets/9968/', 'pragma': 'no-cache', 'cache-control': 'no-cache', 'date': 'Fri, 23 Aug 2013 06:13:06 GMT', 'content-type': 'text/plain; charset=UTF-8'}, '302 Found\n\nThe resource was found at http://sourceforge.net/rest/p/testesmfmigrati/tickets/9968/; you should be redirected automatically.  ')

Ticket #27 Done. Response was:
({'status': '302', 'content-length': '139', 'vary': 'Accept-Encoding', 'server': 'nginx/0.8.54', 'connection': 'close', 'location': 'http://sourceforge.net/rest/p/testesmfmigrati/tickets/9969/', 'pragma': 'no-cache', 'cache-control': 'no-cache', 'date': 'Fri, 23 Aug 2013 06:13:14 GMT', 'content-type': 'text/plain; charset=UTF-8'}, '302 Found\n\nThe resource was found at http://sourceforge.net/rest/p/testesmfmigrati/tickets/9969/; you should be redirected automatically.  ')

Ticket #28 Done. Response was:
({'status': '302', 'content-length': '139', 'vary': 'Accept-Encoding', 'server': 'nginx/0.8.54', 'connection': 'close', 'location': 'http://sourceforge.net/rest/p/testesmfmigrati/tickets/9970/', 'pragma': 'no-cache', 'cache-control': 'no-cache', 'date': 'Fri, 23 Aug 2013 06:13:23 GMT', 'content-type': 'text/plain; charset=UTF-8'}, '302 Found\n\nThe resource was found at http://sourceforge.net/rest/p/testesmfmigrati/tickets/9970/; you should be redirected automatically.  ')

Ticket #29 Done. Response was:
({'status': '302', 'content-length': '139', 'vary': 'Accept-Encoding', 'server': 'nginx/0.8.54', 'connection': 'close', 'location': 'http://sourceforge.net/rest/p/testesmfmigrati/tickets/9971/', 'pragma': 'no-cache', 'cache-control': 'no-cache', 'date': 'Fri, 23 Aug 2013 06:13:26 GMT', 'content-type': 'text/plain; charset=UTF-8'}, '302 Found\n\nThe resource was found at http://sourceforge.net/rest/p/testesmfmigrati/tickets/9971/; you should be redirected automatically.  ')

Ticket #30 Done. Response was:
({'status': '302', 'content-length': '139', 'vary': 'Accept-Encoding', 'server': 'nginx/0.8.54', 'connection': 'close', 'location': 'http://sourceforge.net/rest/p/testesmfmigrati/tickets/9972/', 'pragma': 'no-cache', 'cache-control': 'no-cache', 'date': 'Fri, 23 Aug 2013 06:13:35 GMT', 'content-type': 'text/plain; charset=UTF-8'}, '302 Found\n\nThe resource was found at http://sourceforge.net/rest/p/testesmfmigrati/tickets/9972/; you should be redirected automatically.  ')

Ticket #31 Done. Response was:
({'status': '302', 'content-length': '139', 'vary': 'Accept-Encoding', 'server': 'nginx/0.8.54', 'connection': 'close', 'location': 'http://sourceforge.net/rest/p/testesmfmigrati/tickets/9973/', 'pragma': 'no-cache', 'cache-control': 'no-cache', 'date': 'Fri, 23 Aug 2013 06:13:38 GMT', 'content-type': 'text/plain; charset=UTF-8'}, '302 Found\n\nThe resource was found at http://sourceforge.net/rest/p/testesmfmigrati/tickets/9973/; you should be redirected automatically.  ')

Ticket #32 Done. Response was:
({'status': '302', 'content-length': '139', 'vary': 'Accept-Encoding', 'server': 'nginx/0.8.54', 'connection': 'close', 'location': 'http://sourceforge.net/rest/p/testesmfmigrati/tickets/9974/', 'pragma': 'no-cache', 'cache-control': 'no-cache', 'date': 'Fri, 23 Aug 2013 06:13:42 GMT', 'content-type': 'text/plain; charset=UTF-8'}, '302 Found\n\nThe resource was found at http://sourceforge.net/rest/p/testesmfmigrati/tickets/9974/; you should be redirected automatically.  ')

Ticket #33 Done. Response was:
({'status': '302', 'content-length': '139', 'vary': 'Accept-Encoding', 'server': 'nginx/0.8.54', 'connection': 'close', 'location': 'http://sourceforge.net/rest/p/testesmfmigrati/tickets/9975/', 'pragma': 'no-cache', 'cache-control': 'no-cache', 'date': 'Fri, 23 Aug 2013 06:13:45 GMT', 'content-type': 'text/plain; charset=UTF-8'}, '302 Found\n\nThe resource was found at http://sourceforge.net/rest/p/testesmfmigrati/tickets/9975/; you should be redirected automatically.  ')

Ticket #34 Done. Response was:
({'status': '302', 'content-length': '139', 'vary': 'Accept-Encoding', 'server': 'nginx/0.8.54', 'connection': 'close', 'location': 'http://sourceforge.net/rest/p/testesmfmigrati/tickets/9976/', 'pragma': 'no-cache', 'cache-control': 'no-cache', 'date': 'Fri, 23 Aug 2013 06:13:51 GMT', 'content-type': 'text/plain; charset=UTF-8'}, '302 Found\n\nThe resource was found at http://sourceforge.net/rest/p/testesmfmigrati/tickets/9976/; you should be redirected automatically.  ')

Ticket #35 Done. Response was:
({'status': '302', 'content-length': '139', 'vary': 'Accept-Encoding', 'server': 'nginx/0.8.54', 'connection': 'close', 'location': 'http://sourceforge.net/rest/p/testesmfmigrati/tickets/9977/', 'pragma': 'no-cache', 'cache-control': 'no-cache', 'date': 'Fri, 23 Aug 2013 06:13:56 GMT', 'content-type': 'text/plain; charset=UTF-8'}, '302 Found\n\nThe resource was found at http://sourceforge.net/rest/p/testesmfmigrati/tickets/9977/; you should be redirected automatically.  ')

Ticket #36 Done. Response was:
({'status': '302', 'content-length': '139', 'vary': 'Accept-Encoding', 'server': 'nginx/0.8.54', 'connection': 'close', 'location': 'http://sourceforge.net/rest/p/testesmfmigrati/tickets/9978/', 'pragma': 'no-cache', 'cache-control': 'no-cache', 'date': 'Fri, 23 Aug 2013 06:14:00 GMT', 'content-type': 'text/plain; charset=UTF-8'}, '302 Found\n\nThe resource was found at http://sourceforge.net/rest/p/testesmfmigrati/tickets/9978/; you should be redirected automatically.  ')

Ticket #37 Done. Response was:
({'status': '302', 'content-length': '139', 'vary': 'Accept-Encoding', 'server': 'nginx/0.8.54', 'connection': 'close', 'location': 'http://sourceforge.net/rest/p/testesmfmigrati/tickets/9979/', 'pragma': 'no-cache', 'cache-control': 'no-cache', 'date': 'Fri, 23 Aug 2013 06:14:10 GMT', 'content-type': 'text/plain; charset=UTF-8'}, '302 Found\n\nThe resource was found at http://sourceforge.net/rest/p/testesmfmigrati/tickets/9979/; you should be redirected automatically.  ')

Ticket #38 Done. Response was:
({'status': '302', 'content-length': '139', 'vary': 'Accept-Encoding', 'server': 'nginx/0.8.54', 'connection': 'close', 'location': 'http://sourceforge.net/rest/p/testesmfmigrati/tickets/9980/', 'pragma': 'no-cache', 'cache-control': 'no-cache', 'date': 'Fri, 23 Aug 2013 06:14:15 GMT', 'content-type': 'text/plain; charset=UTF-8'}, '302 Found\n\nThe resource was found at http://sourceforge.net/rest/p/testesmfmigrati/tickets/9980/; you should be redirected automatically.  ')

Ticket #39 Done. Response was:
({'status': '302', 'content-length': '139', 'vary': 'Accept-Encoding', 'server': 'nginx/0.8.54', 'connection': 'close', 'location': 'http://sourceforge.net/rest/p/testesmfmigrati/tickets/9981/', 'pragma': 'no-cache', 'cache-control': 'no-cache', 'date': 'Fri, 23 Aug 2013 06:14:22 GMT', 'content-type': 'text/plain; charset=UTF-8'}, '302 Found\n\nThe resource was found at http://sourceforge.net/rest/p/testesmfmigrati/tickets/9981/; you should be redirected automatically.  ')

Ticket #40 Done. Response was:
({'status': '302', 'content-length': '139', 'vary': 'Accept-Encoding', 'server': 'nginx/0.8.54', 'connection': 'close', 'location': 'http://sourceforge.net/rest/p/testesmfmigrati/tickets/9982/', 'pragma': 'no-cache', 'cache-control': 'no-cache', 'date': 'Fri, 23 Aug 2013 06:14:25 GMT', 'content-type': 'text/plain; charset=UTF-8'}, '302 Found\n\nThe resource was found at http://sourceforge.net/rest/p/testesmfmigrati/tickets/9982/; you should be redirected automatically.  ')

Ticket #41 Done. Response was:
({'status': '302', 'content-length': '139', 'vary': 'Accept-Encoding', 'server': 'nginx/0.8.54', 'connection': 'close', 'location': 'http://sourceforge.net/rest/p/testesmfmigrati/tickets/9983/', 'pragma': 'no-cache', 'cache-control': 'no-cache', 'date': 'Fri, 23 Aug 2013 06:14:29 GMT', 'content-type': 'text/plain; charset=UTF-8'}, '302 Found\n\nThe resource was found at http://sourceforge.net/rest/p/testesmfmigrati/tickets/9983/; you should be redirected automatically.  ')

Ticket #42 Done. Response was:
({'status': '302', 'content-length': '139', 'vary': 'Accept-Encoding', 'server': 'nginx/0.8.54', 'connection': 'close', 'location': 'http://sourceforge.net/rest/p/testesmfmigrati/tickets/9984/', 'pragma': 'no-cache', 'cache-control': 'no-cache', 'date': 'Fri, 23 Aug 2013 06:14:32 GMT', 'content-type': 'text/plain; charset=UTF-8'}, '302 Found\n\nThe resource was found at http://sourceforge.net/rest/p/testesmfmigrati/tickets/9984/; you should be redirected automatically.  ')

Ticket #43 Done. Response was:
({'status': '302', 'content-length': '139', 'vary': 'Accept-Encoding', 'server': 'nginx/0.8.54', 'connection': 'close', 'location': 'http://sourceforge.net/rest/p/testesmfmigrati/tickets/9985/', 'pragma': 'no-cache', 'cache-control': 'no-cache', 'date': 'Fri, 23 Aug 2013 06:14:37 GMT', 'content-type': 'text/plain; charset=UTF-8'}, '302 Found\n\nThe resource was found at http://sourceforge.net/rest/p/testesmfmigrati/tickets/9985/; you should be redirected automatically.  ')

Ticket #44 Done. Response was:
({'status': '302', 'content-length': '139', 'vary': 'Accept-Encoding', 'server': 'nginx/0.8.54', 'connection': 'close', 'location': 'http://sourceforge.net/rest/p/testesmfmigrati/tickets/9986/', 'pragma': 'no-cache', 'cache-control': 'no-cache', 'date': 'Fri, 23 Aug 2013 06:14:44 GMT', 'content-type': 'text/plain; charset=UTF-8'}, '302 Found\n\nThe resource was found at http://sourceforge.net/rest/p/testesmfmigrati/tickets/9986/; you should be redirected automatically.  ')

Ticket #45 Done. Response was:
({'status': '302', 'content-length': '139', 'vary': 'Accept-Encoding', 'server': 'nginx/0.8.54', 'connection': 'close', 'location': 'http://sourceforge.net/rest/p/testesmfmigrati/tickets/9987/', 'pragma': 'no-cache', 'cache-control': 'no-cache', 'date': 'Fri, 23 Aug 2013 06:14:52 GMT', 'content-type': 'text/plain; charset=UTF-8'}, '302 Found\n\nThe resource was found at http://sourceforge.net/rest/p/testesmfmigrati/tickets/9987/; you should be redirected automatically.  ')

Ticket #46 Done. Response was:
({'status': '302', 'content-length': '139', 'vary': 'Accept-Encoding', 'server': 'nginx/0.8.54', 'connection': 'close', 'location': 'http://sourceforge.net/rest/p/testesmfmigrati/tickets/9988/', 'pragma': 'no-cache', 'cache-control': 'no-cache', 'date': 'Fri, 23 Aug 2013 06:15:01 GMT', 'content-type': 'text/plain; charset=UTF-8'}, '302 Found\n\nThe resource was found at http://sourceforge.net/rest/p/testesmfmigrati/tickets/9988/; you should be redirected automatically.  ')

Ticket #47 Done. Response was:
({'status': '302', 'content-length': '139', 'vary': 'Accept-Encoding', 'server': 'nginx/0.8.54', 'connection': 'close', 'location': 'http://sourceforge.net/rest/p/testesmfmigrati/tickets/9989/', 'pragma': 'no-cache', 'cache-control': 'no-cache', 'date': 'Fri, 23 Aug 2013 06:15:07 GMT', 'content-type': 'text/plain; charset=UTF-8'}, '302 Found\n\nThe resource was found at http://sourceforge.net/rest/p/testesmfmigrati/tickets/9989/; you should be redirected automatically.  ')

Ticket #48 Done. Response was:
({'status': '302', 'content-length': '139', 'vary': 'Accept-Encoding', 'server': 'nginx/0.8.54', 'connection': 'close', 'location': 'http://sourceforge.net/rest/p/testesmfmigrati/tickets/9990/', 'pragma': 'no-cache', 'cache-control': 'no-cache', 'date': 'Fri, 23 Aug 2013 06:15:10 GMT', 'content-type': 'text/plain; charset=UTF-8'}, '302 Found\n\nThe resource was found at http://sourceforge.net/rest/p/testesmfmigrati/tickets/9990/; you should be redirected automatically.  ')

Ticket #49 Done. Response was:
({'status': '302', 'content-length': '139', 'vary': 'Accept-Encoding', 'server': 'nginx/0.8.54', 'connection': 'close', 'location': 'http://sourceforge.net/rest/p/testesmfmigrati/tickets/9991/', 'pragma': 'no-cache', 'cache-control': 'no-cache', 'date': 'Fri, 23 Aug 2013 06:15:14 GMT', 'content-type': 'text/plain; charset=UTF-8'}, '302 Found\n\nThe resource was found at http://sourceforge.net/rest/p/testesmfmigrati/tickets/9991/; you should be redirected automatically.  ')

Ticket #50 Done. Response was:
({'status': '302', 'content-length': '139', 'vary': 'Accept-Encoding', 'server': 'nginx/0.8.54', 'connection': 'close', 'location': 'http://sourceforge.net/rest/p/testesmfmigrati/tickets/9992/', 'pragma': 'no-cache', 'cache-control': 'no-cache', 'date': 'Fri, 23 Aug 2013 06:15:21 GMT', 'content-type': 'text/plain; charset=UTF-8'}, '302 Found\n\nThe resource was found at http://sourceforge.net/rest/p/testesmfmigrati/tickets/9992/; you should be redirected automatically.  ')

Ticket #51 Done. Response was:
({'status': '302', 'content-length': '139', 'vary': 'Accept-Encoding', 'server': 'nginx/0.8.54', 'connection': 'close', 'location': 'http://sourceforge.net/rest/p/testesmfmigrati/tickets/9993/', 'pragma': 'no-cache', 'cache-control': 'no-cache', 'date': 'Fri, 23 Aug 2013 06:15:25 GMT', 'content-type': 'text/plain; charset=UTF-8'}, '302 Found\n\nThe resource was found at http://sourceforge.net/rest/p/testesmfmigrati/tickets/9993/; you should be redirected automatically.  ')

Ticket #52 Done. Response was:
({'status': '302', 'content-length': '139', 'vary': 'Accept-Encoding', 'server': 'nginx/0.8.54', 'connection': 'close', 'location': 'http://sourceforge.net/rest/p/testesmfmigrati/tickets/9994/', 'pragma': 'no-cache', 'cache-control': 'no-cache', 'date': 'Fri, 23 Aug 2013 06:15:31 GMT', 'content-type': 'text/plain; charset=UTF-8'}, '302 Found\n\nThe resource was found at http://sourceforge.net/rest/p/testesmfmigrati/tickets/9994/; you should be redirected automatically.  ')

Ticket #53 Done. Response was:
({'status': '302', 'content-length': '139', 'vary': 'Accept-Encoding', 'server': 'nginx/0.8.54', 'connection': 'close', 'location': 'http://sourceforge.net/rest/p/testesmfmigrati/tickets/9995/', 'pragma': 'no-cache', 'cache-control': 'no-cache', 'date': 'Fri, 23 Aug 2013 06:15:34 GMT', 'content-type': 'text/plain; charset=UTF-8'}, '302 Found\n\nThe resource was found at http://sourceforge.net/rest/p/testesmfmigrati/tickets/9995/; you should be redirected automatically.  ')

Ticket #54 Done. Response was:
({'status': '302', 'content-length': '139', 'vary': 'Accept-Encoding', 'server': 'nginx/0.8.54', 'connection': 'close', 'location': 'http://sourceforge.net/rest/p/testesmfmigrati/tickets/9996/', 'pragma': 'no-cache', 'cache-control': 'no-cache', 'date': 'Fri, 23 Aug 2013 06:15:38 GMT', 'content-type': 'text/plain; charset=UTF-8'}, '302 Found\n\nThe resource was found at http://sourceforge.net/rest/p/testesmfmigrati/tickets/9996/; you should be redirected automatically.  ')

Ticket #55 Done. Response was:
({'status': '302', 'content-length': '139', 'vary': 'Accept-Encoding', 'server': 'nginx/0.8.54', 'connection': 'close', 'location': 'http://sourceforge.net/rest/p/testesmfmigrati/tickets/9997/', 'pragma': 'no-cache', 'cache-control': 'no-cache', 'date': 'Fri, 23 Aug 2013 06:15:45 GMT', 'content-type': 'text/plain; charset=UTF-8'}, '302 Found\n\nThe resource was found at http://sourceforge.net/rest/p/testesmfmigrati/tickets/9997/; you should be redirected automatically.  ')

Ticket #56 Done. Response was:
({'status': '302', 'content-length': '139', 'vary': 'Accept-Encoding', 'server': 'nginx/0.8.54', 'connection': 'close', 'location': 'http://sourceforge.net/rest/p/testesmfmigrati/tickets/9998/', 'pragma': 'no-cache', 'cache-control': 'no-cache', 'date': 'Fri, 23 Aug 2013 06:15:52 GMT', 'content-type': 'text/plain; charset=UTF-8'}, '302 Found\n\nThe resource was found at http://sourceforge.net/rest/p/testesmfmigrati/tickets/9998/; you should be redirected automatically.  ')

Ticket #57 Done. Response was:
({'status': '302', 'content-length': '139', 'vary': 'Accept-Encoding', 'server': 'nginx/0.8.54', 'connection': 'close', 'location': 'http://sourceforge.net/rest/p/testesmfmigrati/tickets/9999/', 'pragma': 'no-cache', 'cache-control': 'no-cache', 'date': 'Fri, 23 Aug 2013 06:15:58 GMT', 'content-type': 'text/plain; charset=UTF-8'}, '302 Found\n\nThe resource was found at http://sourceforge.net/rest/p/testesmfmigrati/tickets/9999/; you should be redirected automatically.  ')

Ticket #58 Done. Response was:
({'status': '302', 'content-length': '140', 'vary': 'Accept-Encoding', 'server': 'nginx/0.8.54', 'connection': 'close', 'location': 'http://sourceforge.net/rest/p/testesmfmigrati/tickets/10000/', 'pragma': 'no-cache', 'cache-control': 'no-cache', 'date': 'Fri, 23 Aug 2013 06:16:01 GMT', 'content-type': 'text/plain; charset=UTF-8'}, '302 Found\n\nThe resource was found at http://sourceforge.net/rest/p/testesmfmigrati/tickets/10000/; you should be redirected automatically.  ')

Ticket #59 Done. Response was:
({'status': '302', 'content-length': '140', 'vary': 'Accept-Encoding', 'server': 'nginx/0.8.54', 'connection': 'close', 'location': 'http://sourceforge.net/rest/p/testesmfmigrati/tickets/10001/', 'pragma': 'no-cache', 'cache-control': 'no-cache', 'date': 'Fri, 23 Aug 2013 06:16:05 GMT', 'content-type': 'text/plain; charset=UTF-8'}, '302 Found\n\nThe resource was found at http://sourceforge.net/rest/p/testesmfmigrati/tickets/10001/; you should be redirected automatically.  ')

Ticket #60 Done. Response was:
({'status': '302', 'content-length': '140', 'vary': 'Accept-Encoding', 'server': 'nginx/0.8.54', 'connection': 'close', 'location': 'http://sourceforge.net/rest/p/testesmfmigrati/tickets/10002/', 'pragma': 'no-cache', 'cache-control': 'no-cache', 'date': 'Fri, 23 Aug 2013 06:16:09 GMT', 'content-type': 'text/plain; charset=UTF-8'}, '302 Found\n\nThe resource was found at http://sourceforge.net/rest/p/testesmfmigrati/tickets/10002/; you should be redirected automatically.  ')

Ticket #61 Done. Response was:
({'status': '302', 'content-length': '140', 'vary': 'Accept-Encoding', 'server': 'nginx/0.8.54', 'connection': 'close', 'location': 'http://sourceforge.net/rest/p/testesmfmigrati/tickets/10003/', 'pragma': 'no-cache', 'cache-control': 'no-cache', 'date': 'Fri, 23 Aug 2013 06:16:13 GMT', 'content-type': 'text/plain; charset=UTF-8'}, '302 Found\n\nThe resource was found at http://sourceforge.net/rest/p/testesmfmigrati/tickets/10003/; you should be redirected automatically.  ')

Ticket #62 Done. Response was:
({'status': '302', 'content-length': '140', 'vary': 'Accept-Encoding', 'server': 'nginx/0.8.54', 'connection': 'close', 'location': 'http://sourceforge.net/rest/p/testesmfmigrati/tickets/10004/', 'pragma': 'no-cache', 'cache-control': 'no-cache', 'date': 'Fri, 23 Aug 2013 06:16:18 GMT', 'content-type': 'text/plain; charset=UTF-8'}, '302 Found\n\nThe resource was found at http://sourceforge.net/rest/p/testesmfmigrati/tickets/10004/; you should be redirected automatically.  ')

Ticket #63 Done. Response was:
({'status': '302', 'content-length': '140', 'vary': 'Accept-Encoding', 'server': 'nginx/0.8.54', 'connection': 'close', 'location': 'http://sourceforge.net/rest/p/testesmfmigrati/tickets/10005/', 'pragma': 'no-cache', 'cache-control': 'no-cache', 'date': 'Fri, 23 Aug 2013 06:16:26 GMT', 'content-type': 'text/plain; charset=UTF-8'}, '302 Found\n\nThe resource was found at http://sourceforge.net/rest/p/testesmfmigrati/tickets/10005/; you should be redirected automatically.  ')

Ticket #64 Done. Response was:
({'status': '302', 'content-length': '140', 'vary': 'Accept-Encoding', 'server': 'nginx/0.8.54', 'connection': 'close', 'location': 'http://sourceforge.net/rest/p/testesmfmigrati/tickets/10006/', 'pragma': 'no-cache', 'cache-control': 'no-cache', 'date': 'Fri, 23 Aug 2013 06:16:36 GMT', 'content-type': 'text/plain; charset=UTF-8'}, '302 Found\n\nThe resource was found at http://sourceforge.net/rest/p/testesmfmigrati/tickets/10006/; you should be redirected automatically.  ')

Ticket #65 Done. Response was:
({'status': '302', 'content-length': '140', 'vary': 'Accept-Encoding', 'server': 'nginx/0.8.54', 'connection': 'close', 'location': 'http://sourceforge.net/rest/p/testesmfmigrati/tickets/10007/', 'pragma': 'no-cache', 'cache-control': 'no-cache', 'date': 'Fri, 23 Aug 2013 06:16:39 GMT', 'content-type': 'text/plain; charset=UTF-8'}, '302 Found\n\nThe resource was found at http://sourceforge.net/rest/p/testesmfmigrati/tickets/10007/; you should be redirected automatically.  ')

Ticket #66 Done. Response was:
({'status': '302', 'content-length': '140', 'vary': 'Accept-Encoding', 'server': 'nginx/0.8.54', 'connection': 'close', 'location': 'http://sourceforge.net/rest/p/testesmfmigrati/tickets/10008/', 'pragma': 'no-cache', 'cache-control': 'no-cache', 'date': 'Fri, 23 Aug 2013 06:16:42 GMT', 'content-type': 'text/plain; charset=UTF-8'}, '302 Found\n\nThe resource was found at http://sourceforge.net/rest/p/testesmfmigrati/tickets/10008/; you should be redirected automatically.  ')

Ticket #67 Done. Response was:
({'status': '302', 'content-length': '140', 'vary': 'Accept-Encoding', 'server': 'nginx/0.8.54', 'connection': 'close', 'location': 'http://sourceforge.net/rest/p/testesmfmigrati/tickets/10009/', 'pragma': 'no-cache', 'cache-control': 'no-cache', 'date': 'Fri, 23 Aug 2013 06:16:47 GMT', 'content-type': 'text/plain; charset=UTF-8'}, '302 Found\n\nThe resource was found at http://sourceforge.net/rest/p/testesmfmigrati/tickets/10009/; you should be redirected automatically.  ')

Ticket #68 Done. Response was:
({'status': '302', 'content-length': '140', 'vary': 'Accept-Encoding', 'server': 'nginx/0.8.54', 'connection': 'close', 'location': 'http://sourceforge.net/rest/p/testesmfmigrati/tickets/10010/', 'pragma': 'no-cache', 'cache-control': 'no-cache', 'date': 'Fri, 23 Aug 2013 06:16:54 GMT', 'content-type': 'text/plain; charset=UTF-8'}, '302 Found\n\nThe resource was found at http://sourceforge.net/rest/p/testesmfmigrati/tickets/10010/; you should be redirected automatically.  ')

Ticket #69 Done. Response was:
({'status': '302', 'content-length': '140', 'vary': 'Accept-Encoding', 'server': 'nginx/0.8.54', 'connection': 'close', 'location': 'http://sourceforge.net/rest/p/testesmfmigrati/tickets/10011/', 'pragma': 'no-cache', 'cache-control': 'no-cache', 'date': 'Fri, 23 Aug 2013 06:16:57 GMT', 'content-type': 'text/plain; charset=UTF-8'}, '302 Found\n\nThe resource was found at http://sourceforge.net/rest/p/testesmfmigrati/tickets/10011/; you should be redirected automatically.  ')

Ticket #70 Done. Response was:
({'status': '302', 'content-length': '140', 'vary': 'Accept-Encoding', 'server': 'nginx/0.8.54', 'connection': 'close', 'location': 'http://sourceforge.net/rest/p/testesmfmigrati/tickets/10012/', 'pragma': 'no-cache', 'cache-control': 'no-cache', 'date': 'Fri, 23 Aug 2013 06:17:01 GMT', 'content-type': 'text/plain; charset=UTF-8'}, '302 Found\n\nThe resource was found at http://sourceforge.net/rest/p/testesmfmigrati/tickets/10012/; you should be redirected automatically.  ')

Ticket #71 Done. Response was:
({'status': '302', 'content-length': '140', 'vary': 'Accept-Encoding', 'server': 'nginx/0.8.54', 'connection': 'close', 'location': 'http://sourceforge.net/rest/p/testesmfmigrati/tickets/10013/', 'pragma': 'no-cache', 'cache-control': 'no-cache', 'date': 'Fri, 23 Aug 2013 06:17:19 GMT', 'content-type': 'text/plain; charset=UTF-8'}, '302 Found\n\nThe resource was found at http://sourceforge.net/rest/p/testesmfmigrati/tickets/10013/; you should be redirected automatically.  ')

Ticket #72 Done. Response was:
({'status': '302', 'content-length': '140', 'vary': 'Accept-Encoding', 'server': 'nginx/0.8.54', 'connection': 'close', 'location': 'http://sourceforge.net/rest/p/testesmfmigrati/tickets/10014/', 'pragma': 'no-cache', 'cache-control': 'no-cache', 'date': 'Fri, 23 Aug 2013 06:17:24 GMT', 'content-type': 'text/plain; charset=UTF-8'}, '302 Found\n\nThe resource was found at http://sourceforge.net/rest/p/testesmfmigrati/tickets/10014/; you should be redirected automatically.  ')

Ticket #73 Done. Response was:
({'status': '302', 'content-length': '140', 'vary': 'Accept-Encoding', 'server': 'nginx/0.8.54', 'connection': 'close', 'location': 'http://sourceforge.net/rest/p/testesmfmigrati/tickets/10015/', 'pragma': 'no-cache', 'cache-control': 'no-cache', 'date': 'Fri, 23 Aug 2013 06:17:27 GMT', 'content-type': 'text/plain; charset=UTF-8'}, '302 Found\n\nThe resource was found at http://sourceforge.net/rest/p/testesmfmigrati/tickets/10015/; you should be redirected automatically.  ')

Ticket #74 Done. Response was:
({'status': '302', 'content-length': '140', 'vary': 'Accept-Encoding', 'server': 'nginx/0.8.54', 'connection': 'close', 'location': 'http://sourceforge.net/rest/p/testesmfmigrati/tickets/10016/', 'pragma': 'no-cache', 'cache-control': 'no-cache', 'date': 'Fri, 23 Aug 2013 06:17:30 GMT', 'content-type': 'text/plain; charset=UTF-8'}, '302 Found\n\nThe resource was found at http://sourceforge.net/rest/p/testesmfmigrati/tickets/10016/; you should be redirected automatically.  ')

Ticket #75 Done. Response was:
({'status': '302', 'content-length': '140', 'vary': 'Accept-Encoding', 'server': 'nginx/0.8.54', 'connection': 'close', 'location': 'http://sourceforge.net/rest/p/testesmfmigrati/tickets/10017/', 'pragma': 'no-cache', 'cache-control': 'no-cache', 'date': 'Fri, 23 Aug 2013 06:17:36 GMT', 'content-type': 'text/plain; charset=UTF-8'}, '302 Found\n\nThe resource was found at http://sourceforge.net/rest/p/testesmfmigrati/tickets/10017/; you should be redirected automatically.  ')

Ticket #76 Done. Response was:
({'status': '302', 'content-length': '140', 'vary': 'Accept-Encoding', 'server': 'nginx/0.8.54', 'connection': 'close', 'location': 'http://sourceforge.net/rest/p/testesmfmigrati/tickets/10018/', 'pragma': 'no-cache', 'cache-control': 'no-cache', 'date': 'Fri, 23 Aug 2013 06:17:40 GMT', 'content-type': 'text/plain; charset=UTF-8'}, '302 Found\n\nThe resource was found at http://sourceforge.net/rest/p/testesmfmigrati/tickets/10018/; you should be redirected automatically.  ')

Ticket #77 Done. Response was:
({'status': '302', 'content-length': '140', 'vary': 'Accept-Encoding', 'server': 'nginx/0.8.54', 'connection': 'close', 'location': 'http://sourceforge.net/rest/p/testesmfmigrati/tickets/10019/', 'pragma': 'no-cache', 'cache-control': 'no-cache', 'date': 'Fri, 23 Aug 2013 06:17:44 GMT', 'content-type': 'text/plain; charset=UTF-8'}, '302 Found\n\nThe resource was found at http://sourceforge.net/rest/p/testesmfmigrati/tickets/10019/; you should be redirected automatically.  ')

Ticket #78 Done. Response was:
({'status': '302', 'content-length': '140', 'vary': 'Accept-Encoding', 'server': 'nginx/0.8.54', 'connection': 'close', 'location': 'http://sourceforge.net/rest/p/testesmfmigrati/tickets/10020/', 'pragma': 'no-cache', 'cache-control': 'no-cache', 'date': 'Fri, 23 Aug 2013 06:17:48 GMT', 'content-type': 'text/plain; charset=UTF-8'}, '302 Found\n\nThe resource was found at http://sourceforge.net/rest/p/testesmfmigrati/tickets/10020/; you should be redirected automatically.  ')

Ticket #79 Done. Response was:
({'status': '302', 'content-length': '140', 'vary': 'Accept-Encoding', 'server': 'nginx/0.8.54', 'connection': 'close', 'location': 'http://sourceforge.net/rest/p/testesmfmigrati/tickets/10021/', 'pragma': 'no-cache', 'cache-control': 'no-cache', 'date': 'Fri, 23 Aug 2013 06:17:52 GMT', 'content-type': 'text/plain; charset=UTF-8'}, '302 Found\n\nThe resource was found at http://sourceforge.net/rest/p/testesmfmigrati/tickets/10021/; you should be redirected automatically.  ')

Ticket #80 Done. Response was:
({'status': '302', 'content-length': '140', 'vary': 'Accept-Encoding', 'server': 'nginx/0.8.54', 'connection': 'close', 'location': 'http://sourceforge.net/rest/p/testesmfmigrati/tickets/10022/', 'pragma': 'no-cache', 'cache-control': 'no-cache', 'date': 'Fri, 23 Aug 2013 06:17:56 GMT', 'content-type': 'text/plain; charset=UTF-8'}, '302 Found\n\nThe resource was found at http://sourceforge.net/rest/p/testesmfmigrati/tickets/10022/; you should be redirected automatically.  ')

Ticket #81 Done. Response was:
({'status': '302', 'content-length': '140', 'vary': 'Accept-Encoding', 'server': 'nginx/0.8.54', 'connection': 'close', 'location': 'http://sourceforge.net/rest/p/testesmfmigrati/tickets/10023/', 'pragma': 'no-cache', 'cache-control': 'no-cache', 'date': 'Fri, 23 Aug 2013 06:17:59 GMT', 'content-type': 'text/plain; charset=UTF-8'}, '302 Found\n\nThe resource was found at http://sourceforge.net/rest/p/testesmfmigrati/tickets/10023/; you should be redirected automatically.  ')

Ticket #82 Done. Response was:
({'status': '302', 'content-length': '140', 'vary': 'Accept-Encoding', 'server': 'nginx/0.8.54', 'connection': 'close', 'location': 'http://sourceforge.net/rest/p/testesmfmigrati/tickets/10024/', 'pragma': 'no-cache', 'cache-control': 'no-cache', 'date': 'Fri, 23 Aug 2013 06:18:03 GMT', 'content-type': 'text/plain; charset=UTF-8'}, '302 Found\n\nThe resource was found at http://sourceforge.net/rest/p/testesmfmigrati/tickets/10024/; you should be redirected automatically.  ')

Ticket #83 Done. Response was:
({'status': '302', 'content-length': '140', 'vary': 'Accept-Encoding', 'server': 'nginx/0.8.54', 'connection': 'close', 'location': 'http://sourceforge.net/rest/p/testesmfmigrati/tickets/10025/', 'pragma': 'no-cache', 'cache-control': 'no-cache', 'date': 'Fri, 23 Aug 2013 06:18:07 GMT', 'content-type': 'text/plain; charset=UTF-8'}, '302 Found\n\nThe resource was found at http://sourceforge.net/rest/p/testesmfmigrati/tickets/10025/; you should be redirected automatically.  ')

Ticket #84 Done. Response was:
({'status': '302', 'content-length': '140', 'vary': 'Accept-Encoding', 'server': 'nginx/0.8.54', 'connection': 'close', 'location': 'http://sourceforge.net/rest/p/testesmfmigrati/tickets/10026/', 'pragma': 'no-cache', 'cache-control': 'no-cache', 'date': 'Fri, 23 Aug 2013 06:18:11 GMT', 'content-type': 'text/plain; charset=UTF-8'}, '302 Found\n\nThe resource was found at http://sourceforge.net/rest/p/testesmfmigrati/tickets/10026/; you should be redirected automatically.  ')

Ticket #85 Done. Response was:
({'status': '302', 'content-length': '140', 'vary': 'Accept-Encoding', 'server': 'nginx/0.8.54', 'connection': 'close', 'location': 'http://sourceforge.net/rest/p/testesmfmigrati/tickets/10027/', 'pragma': 'no-cache', 'cache-control': 'no-cache', 'date': 'Fri, 23 Aug 2013 06:18:18 GMT', 'content-type': 'text/plain; charset=UTF-8'}, '302 Found\n\nThe resource was found at http://sourceforge.net/rest/p/testesmfmigrati/tickets/10027/; you should be redirected automatically.  ')

Ticket #86 Done. Response was:
({'status': '302', 'content-length': '140', 'vary': 'Accept-Encoding', 'server': 'nginx/0.8.54', 'connection': 'close', 'location': 'http://sourceforge.net/rest/p/testesmfmigrati/tickets/10028/', 'pragma': 'no-cache', 'cache-control': 'no-cache', 'date': 'Fri, 23 Aug 2013 06:18:23 GMT', 'content-type': 'text/plain; charset=UTF-8'}, '302 Found\n\nThe resource was found at http://sourceforge.net/rest/p/testesmfmigrati/tickets/10028/; you should be redirected automatically.  ')

Ticket #87 Done. Response was:
({'status': '302', 'content-length': '140', 'vary': 'Accept-Encoding', 'server': 'nginx/0.8.54', 'connection': 'close', 'location': 'http://sourceforge.net/rest/p/testesmfmigrati/tickets/10029/', 'pragma': 'no-cache', 'cache-control': 'no-cache', 'date': 'Fri, 23 Aug 2013 06:18:30 GMT', 'content-type': 'text/plain; charset=UTF-8'}, '302 Found\n\nThe resource was found at http://sourceforge.net/rest/p/testesmfmigrati/tickets/10029/; you should be redirected automatically.  ')

Ticket #88 Done. Response was:
({'status': '302', 'content-length': '140', 'vary': 'Accept-Encoding', 'server': 'nginx/0.8.54', 'connection': 'close', 'location': 'http://sourceforge.net/rest/p/testesmfmigrati/tickets/10030/', 'pragma': 'no-cache', 'cache-control': 'no-cache', 'date': 'Fri, 23 Aug 2013 06:18:36 GMT', 'content-type': 'text/plain; charset=UTF-8'}, '302 Found\n\nThe resource was found at http://sourceforge.net/rest/p/testesmfmigrati/tickets/10030/; you should be redirected automatically.  ')

Ticket #89 Done. Response was:
({'status': '302', 'content-length': '140', 'vary': 'Accept-Encoding', 'server': 'nginx/0.8.54', 'connection': 'close', 'location': 'http://sourceforge.net/rest/p/testesmfmigrati/tickets/10031/', 'pragma': 'no-cache', 'cache-control': 'no-cache', 'date': 'Fri, 23 Aug 2013 06:18:40 GMT', 'content-type': 'text/plain; charset=UTF-8'}, '302 Found\n\nThe resource was found at http://sourceforge.net/rest/p/testesmfmigrati/tickets/10031/; you should be redirected automatically.  ')

Ticket #90 Done. Response was:
({'status': '302', 'content-length': '140', 'vary': 'Accept-Encoding', 'server': 'nginx/0.8.54', 'connection': 'close', 'location': 'http://sourceforge.net/rest/p/testesmfmigrati/tickets/10032/', 'pragma': 'no-cache', 'cache-control': 'no-cache', 'date': 'Fri, 23 Aug 2013 06:18:45 GMT', 'content-type': 'text/plain; charset=UTF-8'}, '302 Found\n\nThe resource was found at http://sourceforge.net/rest/p/testesmfmigrati/tickets/10032/; you should be redirected automatically.  ')

Ticket #91 Done. Response was:
({'status': '302', 'content-length': '140', 'vary': 'Accept-Encoding', 'server': 'nginx/0.8.54', 'connection': 'close', 'location': 'http://sourceforge.net/rest/p/testesmfmigrati/tickets/10033/', 'pragma': 'no-cache', 'cache-control': 'no-cache', 'date': 'Fri, 23 Aug 2013 06:18:49 GMT', 'content-type': 'text/plain; charset=UTF-8'}, '302 Found\n\nThe resource was found at http://sourceforge.net/rest/p/testesmfmigrati/tickets/10033/; you should be redirected automatically.  ')

Ticket #92 Done. Response was:
({'status': '302', 'content-length': '140', 'vary': 'Accept-Encoding', 'server': 'nginx/0.8.54', 'connection': 'close', 'location': 'http://sourceforge.net/rest/p/testesmfmigrati/tickets/10034/', 'pragma': 'no-cache', 'cache-control': 'no-cache', 'date': 'Fri, 23 Aug 2013 06:18:54 GMT', 'content-type': 'text/plain; charset=UTF-8'}, '302 Found\n\nThe resource was found at http://sourceforge.net/rest/p/testesmfmigrati/tickets/10034/; you should be redirected automatically.  ')

Ticket #93 Done. Response was:
({'status': '302', 'content-length': '140', 'vary': 'Accept-Encoding', 'server': 'nginx/0.8.54', 'connection': 'close', 'location': 'http://sourceforge.net/rest/p/testesmfmigrati/tickets/10035/', 'pragma': 'no-cache', 'cache-control': 'no-cache', 'date': 'Fri, 23 Aug 2013 06:18:58 GMT', 'content-type': 'text/plain; charset=UTF-8'}, '302 Found\n\nThe resource was found at http://sourceforge.net/rest/p/testesmfmigrati/tickets/10035/; you should be redirected automatically.  ')

Ticket #94 Done. Response was:
({'status': '302', 'content-length': '140', 'vary': 'Accept-Encoding', 'server': 'nginx/0.8.54', 'connection': 'close', 'location': 'http://sourceforge.net/rest/p/testesmfmigrati/tickets/10036/', 'pragma': 'no-cache', 'cache-control': 'no-cache', 'date': 'Fri, 23 Aug 2013 06:19:03 GMT', 'content-type': 'text/plain; charset=UTF-8'}, '302 Found\n\nThe resource was found at http://sourceforge.net/rest/p/testesmfmigrati/tickets/10036/; you should be redirected automatically.  ')

Ticket #95 Done. Response was:
({'status': '302', 'content-length': '140', 'vary': 'Accept-Encoding', 'server': 'nginx/0.8.54', 'connection': 'close', 'location': 'http://sourceforge.net/rest/p/testesmfmigrati/tickets/10037/', 'pragma': 'no-cache', 'cache-control': 'no-cache', 'date': 'Fri, 23 Aug 2013 06:19:07 GMT', 'content-type': 'text/plain; charset=UTF-8'}, '302 Found\n\nThe resource was found at http://sourceforge.net/rest/p/testesmfmigrati/tickets/10037/; you should be redirected automatically.  ')

Ticket #96 Done. Response was:
({'status': '302', 'content-length': '140', 'vary': 'Accept-Encoding', 'server': 'nginx/0.8.54', 'connection': 'close', 'location': 'http://sourceforge.net/rest/p/testesmfmigrati/tickets/10038/', 'pragma': 'no-cache', 'cache-control': 'no-cache', 'date': 'Fri, 23 Aug 2013 06:19:12 GMT', 'content-type': 'text/plain; charset=UTF-8'}, '302 Found\n\nThe resource was found at http://sourceforge.net/rest/p/testesmfmigrati/tickets/10038/; you should be redirected automatically.  ')

Ticket #97 Done. Response was:
({'status': '302', 'content-length': '140', 'vary': 'Accept-Encoding', 'server': 'nginx/0.8.54', 'connection': 'close', 'location': 'http://sourceforge.net/rest/p/testesmfmigrati/tickets/10039/', 'pragma': 'no-cache', 'cache-control': 'no-cache', 'date': 'Fri, 23 Aug 2013 06:19:22 GMT', 'content-type': 'text/plain; charset=UTF-8'}, '302 Found\n\nThe resource was found at http://sourceforge.net/rest/p/testesmfmigrati/tickets/10039/; you should be redirected automatically.  ')

Ticket #98 Done. Response was:
({'status': '302', 'content-length': '140', 'vary': 'Accept-Encoding', 'server': 'nginx/0.8.54', 'connection': 'close', 'location': 'http://sourceforge.net/rest/p/testesmfmigrati/tickets/10040/', 'pragma': 'no-cache', 'cache-control': 'no-cache', 'date': 'Fri, 23 Aug 2013 06:19:27 GMT', 'content-type': 'text/plain; charset=UTF-8'}, '302 Found\n\nThe resource was found at http://sourceforge.net/rest/p/testesmfmigrati/tickets/10040/; you should be redirected automatically.  ')

Ticket #99 Done. Response was:
({'status': '302', 'content-length': '140', 'vary': 'Accept-Encoding', 'server': 'nginx/0.8.54', 'connection': 'close', 'location': 'http://sourceforge.net/rest/p/testesmfmigrati/tickets/10041/', 'pragma': 'no-cache', 'cache-control': 'no-cache', 'date': 'Fri, 23 Aug 2013 06:19:30 GMT', 'content-type': 'text/plain; charset=UTF-8'}, '302 Found\n\nThe resource was found at http://sourceforge.net/rest/p/testesmfmigrati/tickets/10041/; you should be redirected automatically.  ')

Ticket #100 Done. Response was:
({'status': '302', 'content-length': '140', 'vary': 'Accept-Encoding', 'server': 'nginx/0.8.54', 'connection': 'close', 'location': 'http://sourceforge.net/rest/p/testesmfmigrati/tickets/10042/', 'pragma': 'no-cache', 'cache-control': 'no-cache', 'date': 'Fri, 23 Aug 2013 06:19:36 GMT', 'content-type': 'text/plain; charset=UTF-8'}, '302 Found\n\nThe resource was found at http://sourceforge.net/rest/p/testesmfmigrati/tickets/10042/; you should be redirected automatically.  ')

Ticket #101 Done. Response was:
({'status': '302', 'content-length': '140', 'vary': 'Accept-Encoding', 'server': 'nginx/0.8.54', 'connection': 'close', 'location': 'http://sourceforge.net/rest/p/testesmfmigrati/tickets/10043/', 'pragma': 'no-cache', 'cache-control': 'no-cache', 'date': 'Fri, 23 Aug 2013 06:19:40 GMT', 'content-type': 'text/plain; charset=UTF-8'}, '302 Found\n\nThe resource was found at http://sourceforge.net/rest/p/testesmfmigrati/tickets/10043/; you should be redirected automatically.  ')

Ticket #102 Done. Response was:
({'status': '302', 'content-length': '140', 'vary': 'Accept-Encoding', 'server': 'nginx/0.8.54', 'connection': 'close', 'location': 'http://sourceforge.net/rest/p/testesmfmigrati/tickets/10044/', 'pragma': 'no-cache', 'cache-control': 'no-cache', 'date': 'Fri, 23 Aug 2013 06:19:48 GMT', 'content-type': 'text/plain; charset=UTF-8'}, '302 Found\n\nThe resource was found at http://sourceforge.net/rest/p/testesmfmigrati/tickets/10044/; you should be redirected automatically.  ')

Ticket #103 Done. Response was:
({'status': '302', 'content-length': '140', 'vary': 'Accept-Encoding', 'server': 'nginx/0.8.54', 'connection': 'close', 'location': 'http://sourceforge.net/rest/p/testesmfmigrati/tickets/10045/', 'pragma': 'no-cache', 'cache-control': 'no-cache', 'date': 'Fri, 23 Aug 2013 06:19:58 GMT', 'content-type': 'text/plain; charset=UTF-8'}, '302 Found\n\nThe resource was found at http://sourceforge.net/rest/p/testesmfmigrati/tickets/10045/; you should be redirected automatically.  ')

Ticket #104 Done. Response was:
({'status': '302', 'content-length': '140', 'vary': 'Accept-Encoding', 'server': 'nginx/0.8.54', 'connection': 'close', 'location': 'http://sourceforge.net/rest/p/testesmfmigrati/tickets/10046/', 'pragma': 'no-cache', 'cache-control': 'no-cache', 'date': 'Fri, 23 Aug 2013 06:20:02 GMT', 'content-type': 'text/plain; charset=UTF-8'}, '302 Found\n\nThe resource was found at http://sourceforge.net/rest/p/testesmfmigrati/tickets/10046/; you should be redirected automatically.  ')

Ticket #105 Done. Response was:
({'status': '302', 'content-length': '140', 'vary': 'Accept-Encoding', 'server': 'nginx/0.8.54', 'connection': 'close', 'location': 'http://sourceforge.net/rest/p/testesmfmigrati/tickets/10047/', 'pragma': 'no-cache', 'cache-control': 'no-cache', 'date': 'Fri, 23 Aug 2013 06:20:05 GMT', 'content-type': 'text/plain; charset=UTF-8'}, '302 Found\n\nThe resource was found at http://sourceforge.net/rest/p/testesmfmigrati/tickets/10047/; you should be redirected automatically.  ')

Ticket #106 Done. Response was:
({'status': '302', 'content-length': '140', 'vary': 'Accept-Encoding', 'server': 'nginx/0.8.54', 'connection': 'close', 'location': 'http://sourceforge.net/rest/p/testesmfmigrati/tickets/10048/', 'pragma': 'no-cache', 'cache-control': 'no-cache', 'date': 'Fri, 23 Aug 2013 06:20:09 GMT', 'content-type': 'text/plain; charset=UTF-8'}, '302 Found\n\nThe resource was found at http://sourceforge.net/rest/p/testesmfmigrati/tickets/10048/; you should be redirected automatically.  ')

Ticket #107 Done. Response was:
({'status': '302', 'content-length': '140', 'vary': 'Accept-Encoding', 'server': 'nginx/0.8.54', 'connection': 'close', 'location': 'http://sourceforge.net/rest/p/testesmfmigrati/tickets/10049/', 'pragma': 'no-cache', 'cache-control': 'no-cache', 'date': 'Fri, 23 Aug 2013 06:20:35 GMT', 'content-type': 'text/plain; charset=UTF-8'}, '302 Found\n\nThe resource was found at http://sourceforge.net/rest/p/testesmfmigrati/tickets/10049/; you should be redirected automatically.  ')

Ticket #108 Done. Response was:
({'status': '302', 'content-length': '140', 'vary': 'Accept-Encoding', 'server': 'nginx/0.8.54', 'connection': 'close', 'location': 'http://sourceforge.net/rest/p/testesmfmigrati/tickets/10050/', 'pragma': 'no-cache', 'cache-control': 'no-cache', 'date': 'Fri, 23 Aug 2013 06:20:39 GMT', 'content-type': 'text/plain; charset=UTF-8'}, '302 Found\n\nThe resource was found at http://sourceforge.net/rest/p/testesmfmigrati/tickets/10050/; you should be redirected automatically.  ')

Ticket #109 Done. Response was:
({'status': '302', 'content-length': '140', 'vary': 'Accept-Encoding', 'server': 'nginx/0.8.54', 'connection': 'close', 'location': 'http://sourceforge.net/rest/p/testesmfmigrati/tickets/10051/', 'pragma': 'no-cache', 'cache-control': 'no-cache', 'date': 'Fri, 23 Aug 2013 06:20:42 GMT', 'content-type': 'text/plain; charset=UTF-8'}, '302 Found\n\nThe resource was found at http://sourceforge.net/rest/p/testesmfmigrati/tickets/10051/; you should be redirected automatically.  ')

Ticket #110 Done. Response was:
({'status': '302', 'content-length': '140', 'vary': 'Accept-Encoding', 'server': 'nginx/0.8.54', 'connection': 'close', 'location': 'http://sourceforge.net/rest/p/testesmfmigrati/tickets/10052/', 'pragma': 'no-cache', 'cache-control': 'no-cache', 'date': 'Fri, 23 Aug 2013 06:20:46 GMT', 'content-type': 'text/plain; charset=UTF-8'}, '302 Found\n\nThe resource was found at http://sourceforge.net/rest/p/testesmfmigrati/tickets/10052/; you should be redirected automatically.  ')

Ticket #111 Done. Response was:
({'status': '302', 'content-length': '140', 'vary': 'Accept-Encoding', 'server': 'nginx/0.8.54', 'connection': 'close', 'location': 'http://sourceforge.net/rest/p/testesmfmigrati/tickets/10053/', 'pragma': 'no-cache', 'cache-control': 'no-cache', 'date': 'Fri, 23 Aug 2013 06:20:50 GMT', 'content-type': 'text/plain; charset=UTF-8'}, '302 Found\n\nThe resource was found at http://sourceforge.net/rest/p/testesmfmigrati/tickets/10053/; you should be redirected automatically.  ')

Ticket #112 Done. Response was:
({'status': '302', 'content-length': '140', 'vary': 'Accept-Encoding', 'server': 'nginx/0.8.54', 'connection': 'close', 'location': 'http://sourceforge.net/rest/p/testesmfmigrati/tickets/10054/', 'pragma': 'no-cache', 'cache-control': 'no-cache', 'date': 'Fri, 23 Aug 2013 06:20:54 GMT', 'content-type': 'text/plain; charset=UTF-8'}, '302 Found\n\nThe resource was found at http://sourceforge.net/rest/p/testesmfmigrati/tickets/10054/; you should be redirected automatically.  ')

Ticket #113 Done. Response was:
({'status': '302', 'content-length': '140', 'vary': 'Accept-Encoding', 'server': 'nginx/0.8.54', 'connection': 'close', 'location': 'http://sourceforge.net/rest/p/testesmfmigrati/tickets/10055/', 'pragma': 'no-cache', 'cache-control': 'no-cache', 'date': 'Fri, 23 Aug 2013 06:20:57 GMT', 'content-type': 'text/plain; charset=UTF-8'}, '302 Found\n\nThe resource was found at http://sourceforge.net/rest/p/testesmfmigrati/tickets/10055/; you should be redirected automatically.  ')

Ticket #114 Done. Response was:
({'status': '302', 'content-length': '140', 'vary': 'Accept-Encoding', 'server': 'nginx/0.8.54', 'connection': 'close', 'location': 'http://sourceforge.net/rest/p/testesmfmigrati/tickets/10056/', 'pragma': 'no-cache', 'cache-control': 'no-cache', 'date': 'Fri, 23 Aug 2013 06:21:01 GMT', 'content-type': 'text/plain; charset=UTF-8'}, '302 Found\n\nThe resource was found at http://sourceforge.net/rest/p/testesmfmigrati/tickets/10056/; you should be redirected automatically.  ')

Ticket #115 Done. Response was:
({'status': '302', 'content-length': '140', 'vary': 'Accept-Encoding', 'server': 'nginx/0.8.54', 'connection': 'close', 'location': 'http://sourceforge.net/rest/p/testesmfmigrati/tickets/10057/', 'pragma': 'no-cache', 'cache-control': 'no-cache', 'date': 'Fri, 23 Aug 2013 06:21:08 GMT', 'content-type': 'text/plain; charset=UTF-8'}, '302 Found\n\nThe resource was found at http://sourceforge.net/rest/p/testesmfmigrati/tickets/10057/; you should be redirected automatically.  ')

Ticket #116 Done. Response was:
({'status': '302', 'content-length': '140', 'vary': 'Accept-Encoding', 'server': 'nginx/0.8.54', 'connection': 'close', 'location': 'http://sourceforge.net/rest/p/testesmfmigrati/tickets/10058/', 'pragma': 'no-cache', 'cache-control': 'no-cache', 'date': 'Fri, 23 Aug 2013 06:21:12 GMT', 'content-type': 'text/plain; charset=UTF-8'}, '302 Found\n\nThe resource was found at http://sourceforge.net/rest/p/testesmfmigrati/tickets/10058/; you should be redirected automatically.  ')

Ticket #117 Done. Response was:
({'status': '302', 'content-length': '140', 'vary': 'Accept-Encoding', 'server': 'nginx/0.8.54', 'connection': 'close', 'location': 'http://sourceforge.net/rest/p/testesmfmigrati/tickets/10059/', 'pragma': 'no-cache', 'cache-control': 'no-cache', 'date': 'Fri, 23 Aug 2013 06:21:19 GMT', 'content-type': 'text/plain; charset=UTF-8'}, '302 Found\n\nThe resource was found at http://sourceforge.net/rest/p/testesmfmigrati/tickets/10059/; you should be redirected automatically.  ')

Ticket #118 Done. Response was:
({'status': '302', 'content-length': '140', 'vary': 'Accept-Encoding', 'server': 'nginx/0.8.54', 'connection': 'close', 'location': 'http://sourceforge.net/rest/p/testesmfmigrati/tickets/10060/', 'pragma': 'no-cache', 'cache-control': 'no-cache', 'date': 'Fri, 23 Aug 2013 06:21:23 GMT', 'content-type': 'text/plain; charset=UTF-8'}, '302 Found\n\nThe resource was found at http://sourceforge.net/rest/p/testesmfmigrati/tickets/10060/; you should be redirected automatically.  ')

Ticket #119 Done. Response was:
({'status': '302', 'content-length': '140', 'vary': 'Accept-Encoding', 'server': 'nginx/0.8.54', 'connection': 'close', 'location': 'http://sourceforge.net/rest/p/testesmfmigrati/tickets/10061/', 'pragma': 'no-cache', 'cache-control': 'no-cache', 'date': 'Fri, 23 Aug 2013 06:21:27 GMT', 'content-type': 'text/plain; charset=UTF-8'}, '302 Found\n\nThe resource was found at http://sourceforge.net/rest/p/testesmfmigrati/tickets/10061/; you should be redirected automatically.  ')

Ticket #120 Done. Response was:
({'status': '302', 'content-length': '140', 'vary': 'Accept-Encoding', 'server': 'nginx/0.8.54', 'connection': 'close', 'location': 'http://sourceforge.net/rest/p/testesmfmigrati/tickets/10062/', 'pragma': 'no-cache', 'cache-control': 'no-cache', 'date': 'Fri, 23 Aug 2013 06:21:32 GMT', 'content-type': 'text/plain; charset=UTF-8'}, '302 Found\n\nThe resource was found at http://sourceforge.net/rest/p/testesmfmigrati/tickets/10062/; you should be redirected automatically.  ')

Ticket #121 Done. Response was:
({'status': '302', 'content-length': '140', 'vary': 'Accept-Encoding', 'server': 'nginx/0.8.54', 'connection': 'close', 'location': 'http://sourceforge.net/rest/p/testesmfmigrati/tickets/10063/', 'pragma': 'no-cache', 'cache-control': 'no-cache', 'date': 'Fri, 23 Aug 2013 06:21:37 GMT', 'content-type': 'text/plain; charset=UTF-8'}, '302 Found\n\nThe resource was found at http://sourceforge.net/rest/p/testesmfmigrati/tickets/10063/; you should be redirected automatically.  ')

Ticket #122 Done. Response was:
({'status': '302', 'content-length': '140', 'vary': 'Accept-Encoding', 'server': 'nginx/0.8.54', 'connection': 'close', 'location': 'http://sourceforge.net/rest/p/testesmfmigrati/tickets/10064/', 'pragma': 'no-cache', 'cache-control': 'no-cache', 'date': 'Fri, 23 Aug 2013 06:21:46 GMT', 'content-type': 'text/plain; charset=UTF-8'}, '302 Found\n\nThe resource was found at http://sourceforge.net/rest/p/testesmfmigrati/tickets/10064/; you should be redirected automatically.  ')

Ticket #123 Done. Response was:
({'status': '302', 'content-length': '140', 'vary': 'Accept-Encoding', 'server': 'nginx/0.8.54', 'connection': 'close', 'location': 'http://sourceforge.net/rest/p/testesmfmigrati/tickets/10065/', 'pragma': 'no-cache', 'cache-control': 'no-cache', 'date': 'Fri, 23 Aug 2013 06:21:51 GMT', 'content-type': 'text/plain; charset=UTF-8'}, '302 Found\n\nThe resource was found at http://sourceforge.net/rest/p/testesmfmigrati/tickets/10065/; you should be redirected automatically.  ')

Ticket #124 Done. Response was:
({'status': '302', 'content-length': '140', 'vary': 'Accept-Encoding', 'server': 'nginx/0.8.54', 'connection': 'close', 'location': 'http://sourceforge.net/rest/p/testesmfmigrati/tickets/10066/', 'pragma': 'no-cache', 'cache-control': 'no-cache', 'date': 'Fri, 23 Aug 2013 06:21:58 GMT', 'content-type': 'text/plain; charset=UTF-8'}, '302 Found\n\nThe resource was found at http://sourceforge.net/rest/p/testesmfmigrati/tickets/10066/; you should be redirected automatically.  ')

Ticket #125 Done. Response was:
({'status': '302', 'content-length': '140', 'vary': 'Accept-Encoding', 'server': 'nginx/0.8.54', 'connection': 'close', 'location': 'http://sourceforge.net/rest/p/testesmfmigrati/tickets/10067/', 'pragma': 'no-cache', 'cache-control': 'no-cache', 'date': 'Fri, 23 Aug 2013 06:22:02 GMT', 'content-type': 'text/plain; charset=UTF-8'}, '302 Found\n\nThe resource was found at http://sourceforge.net/rest/p/testesmfmigrati/tickets/10067/; you should be redirected automatically.  ')

Ticket #126 Done. Response was:
({'status': '302', 'content-length': '140', 'vary': 'Accept-Encoding', 'server': 'nginx/0.8.54', 'connection': 'close', 'location': 'http://sourceforge.net/rest/p/testesmfmigrati/tickets/10068/', 'pragma': 'no-cache', 'cache-control': 'no-cache', 'date': 'Fri, 23 Aug 2013 06:22:09 GMT', 'content-type': 'text/plain; charset=UTF-8'}, '302 Found\n\nThe resource was found at http://sourceforge.net/rest/p/testesmfmigrati/tickets/10068/; you should be redirected automatically.  ')

Ticket #127 Done. Response was:
({'status': '302', 'content-length': '140', 'vary': 'Accept-Encoding', 'server': 'nginx/0.8.54', 'connection': 'close', 'location': 'http://sourceforge.net/rest/p/testesmfmigrati/tickets/10069/', 'pragma': 'no-cache', 'cache-control': 'no-cache', 'date': 'Fri, 23 Aug 2013 06:22:12 GMT', 'content-type': 'text/plain; charset=UTF-8'}, '302 Found\n\nThe resource was found at http://sourceforge.net/rest/p/testesmfmigrati/tickets/10069/; you should be redirected automatically.  ')

Ticket #128 Done. Response was:
({'status': '302', 'content-length': '140', 'vary': 'Accept-Encoding', 'server': 'nginx/0.8.54', 'connection': 'close', 'location': 'http://sourceforge.net/rest/p/testesmfmigrati/tickets/10070/', 'pragma': 'no-cache', 'cache-control': 'no-cache', 'date': 'Fri, 23 Aug 2013 06:22:16 GMT', 'content-type': 'text/plain; charset=UTF-8'}, '302 Found\n\nThe resource was found at http://sourceforge.net/rest/p/testesmfmigrati/tickets/10070/; you should be redirected automatically.  ')

Ticket #129 Done. Response was:
({'status': '302', 'content-length': '140', 'vary': 'Accept-Encoding', 'server': 'nginx/0.8.54', 'connection': 'close', 'location': 'http://sourceforge.net/rest/p/testesmfmigrati/tickets/10071/', 'pragma': 'no-cache', 'cache-control': 'no-cache', 'date': 'Fri, 23 Aug 2013 06:22:19 GMT', 'content-type': 'text/plain; charset=UTF-8'}, '302 Found\n\nThe resource was found at http://sourceforge.net/rest/p/testesmfmigrati/tickets/10071/; you should be redirected automatically.  ')

Ticket #130 Done. Response was:
({'status': '302', 'content-length': '140', 'vary': 'Accept-Encoding', 'server': 'nginx/0.8.54', 'connection': 'close', 'location': 'http://sourceforge.net/rest/p/testesmfmigrati/tickets/10072/', 'pragma': 'no-cache', 'cache-control': 'no-cache', 'date': 'Fri, 23 Aug 2013 06:22:27 GMT', 'content-type': 'text/plain; charset=UTF-8'}, '302 Found\n\nThe resource was found at http://sourceforge.net/rest/p/testesmfmigrati/tickets/10072/; you should be redirected automatically.  ')

Ticket #131 Done. Response was:
({'status': '302', 'content-length': '140', 'vary': 'Accept-Encoding', 'server': 'nginx/0.8.54', 'connection': 'close', 'location': 'http://sourceforge.net/rest/p/testesmfmigrati/tickets/10073/', 'pragma': 'no-cache', 'cache-control': 'no-cache', 'date': 'Fri, 23 Aug 2013 06:22:31 GMT', 'content-type': 'text/plain; charset=UTF-8'}, '302 Found\n\nThe resource was found at http://sourceforge.net/rest/p/testesmfmigrati/tickets/10073/; you should be redirected automatically.  ')

Ticket #132 Done. Response was:
({'status': '302', 'content-length': '140', 'vary': 'Accept-Encoding', 'server': 'nginx/0.8.54', 'connection': 'close', 'location': 'http://sourceforge.net/rest/p/testesmfmigrati/tickets/10074/', 'pragma': 'no-cache', 'cache-control': 'no-cache', 'date': 'Fri, 23 Aug 2013 06:22:34 GMT', 'content-type': 'text/plain; charset=UTF-8'}, '302 Found\n\nThe resource was found at http://sourceforge.net/rest/p/testesmfmigrati/tickets/10074/; you should be redirected automatically.  ')

Ticket #133 Done. Response was:
({'status': '302', 'content-length': '140', 'vary': 'Accept-Encoding', 'server': 'nginx/0.8.54', 'connection': 'close', 'location': 'http://sourceforge.net/rest/p/testesmfmigrati/tickets/10075/', 'pragma': 'no-cache', 'cache-control': 'no-cache', 'date': 'Fri, 23 Aug 2013 06:22:40 GMT', 'content-type': 'text/plain; charset=UTF-8'}, '302 Found\n\nThe resource was found at http://sourceforge.net/rest/p/testesmfmigrati/tickets/10075/; you should be redirected automatically.  ')

Ticket #134 Done. Response was:
({'status': '302', 'content-length': '140', 'vary': 'Accept-Encoding', 'server': 'nginx/0.8.54', 'connection': 'close', 'location': 'http://sourceforge.net/rest/p/testesmfmigrati/tickets/10076/', 'pragma': 'no-cache', 'cache-control': 'no-cache', 'date': 'Fri, 23 Aug 2013 06:22:43 GMT', 'content-type': 'text/plain; charset=UTF-8'}, '302 Found\n\nThe resource was found at http://sourceforge.net/rest/p/testesmfmigrati/tickets/10076/; you should be redirected automatically.  ')

Ticket #135 Done. Response was:
({'status': '302', 'content-length': '140', 'vary': 'Accept-Encoding', 'server': 'nginx/0.8.54', 'connection': 'close', 'location': 'http://sourceforge.net/rest/p/testesmfmigrati/tickets/10077/', 'pragma': 'no-cache', 'cache-control': 'no-cache', 'date': 'Fri, 23 Aug 2013 06:22:46 GMT', 'content-type': 'text/plain; charset=UTF-8'}, '302 Found\n\nThe resource was found at http://sourceforge.net/rest/p/testesmfmigrati/tickets/10077/; you should be redirected automatically.  ')

Ticket #136 Done. Response was:
({'status': '302', 'content-length': '140', 'vary': 'Accept-Encoding', 'server': 'nginx/0.8.54', 'connection': 'close', 'location': 'http://sourceforge.net/rest/p/testesmfmigrati/tickets/10078/', 'pragma': 'no-cache', 'cache-control': 'no-cache', 'date': 'Fri, 23 Aug 2013 06:22:51 GMT', 'content-type': 'text/plain; charset=UTF-8'}, '302 Found\n\nThe resource was found at http://sourceforge.net/rest/p/testesmfmigrati/tickets/10078/; you should be redirected automatically.  ')

Ticket #137 Done. Response was:
({'status': '302', 'content-length': '140', 'vary': 'Accept-Encoding', 'server': 'nginx/0.8.54', 'connection': 'close', 'location': 'http://sourceforge.net/rest/p/testesmfmigrati/tickets/10079/', 'pragma': 'no-cache', 'cache-control': 'no-cache', 'date': 'Fri, 23 Aug 2013 06:22:56 GMT', 'content-type': 'text/plain; charset=UTF-8'}, '302 Found\n\nThe resource was found at http://sourceforge.net/rest/p/testesmfmigrati/tickets/10079/; you should be redirected automatically.  ')

Ticket #138 Done. Response was:
({'status': '302', 'content-length': '140', 'vary': 'Accept-Encoding', 'server': 'nginx/0.8.54', 'connection': 'close', 'location': 'http://sourceforge.net/rest/p/testesmfmigrati/tickets/10080/', 'pragma': 'no-cache', 'cache-control': 'no-cache', 'date': 'Fri, 23 Aug 2013 06:23:07 GMT', 'content-type': 'text/plain; charset=UTF-8'}, '302 Found\n\nThe resource was found at http://sourceforge.net/rest/p/testesmfmigrati/tickets/10080/; you should be redirected automatically.  ')

Ticket #139 Done. Response was:
({'status': '302', 'content-length': '140', 'vary': 'Accept-Encoding', 'server': 'nginx/0.8.54', 'connection': 'close', 'location': 'http://sourceforge.net/rest/p/testesmfmigrati/tickets/10081/', 'pragma': 'no-cache', 'cache-control': 'no-cache', 'date': 'Fri, 23 Aug 2013 06:23:11 GMT', 'content-type': 'text/plain; charset=UTF-8'}, '302 Found\n\nThe resource was found at http://sourceforge.net/rest/p/testesmfmigrati/tickets/10081/; you should be redirected automatically.  ')

Ticket #140 Done. Response was:
({'status': '302', 'content-length': '140', 'vary': 'Accept-Encoding', 'server': 'nginx/0.8.54', 'connection': 'close', 'location': 'http://sourceforge.net/rest/p/testesmfmigrati/tickets/10082/', 'pragma': 'no-cache', 'cache-control': 'no-cache', 'date': 'Fri, 23 Aug 2013 06:23:19 GMT', 'content-type': 'text/plain; charset=UTF-8'}, '302 Found\n\nThe resource was found at http://sourceforge.net/rest/p/testesmfmigrati/tickets/10082/; you should be redirected automatically.  ')

Ticket #141 Done. Response was:
({'status': '302', 'content-length': '140', 'vary': 'Accept-Encoding', 'server': 'nginx/0.8.54', 'connection': 'close', 'location': 'http://sourceforge.net/rest/p/testesmfmigrati/tickets/10083/', 'pragma': 'no-cache', 'cache-control': 'no-cache', 'date': 'Fri, 23 Aug 2013 06:23:27 GMT', 'content-type': 'text/plain; charset=UTF-8'}, '302 Found\n\nThe resource was found at http://sourceforge.net/rest/p/testesmfmigrati/tickets/10083/; you should be redirected automatically.  ')

Ticket #142 Done. Response was:
({'status': '302', 'content-length': '140', 'vary': 'Accept-Encoding', 'server': 'nginx/0.8.54', 'connection': 'close', 'location': 'http://sourceforge.net/rest/p/testesmfmigrati/tickets/10084/', 'pragma': 'no-cache', 'cache-control': 'no-cache', 'date': 'Fri, 23 Aug 2013 06:23:31 GMT', 'content-type': 'text/plain; charset=UTF-8'}, '302 Found\n\nThe resource was found at http://sourceforge.net/rest/p/testesmfmigrati/tickets/10084/; you should be redirected automatically.  ')

Ticket #143 Done. Response was:
({'status': '302', 'content-length': '140', 'vary': 'Accept-Encoding', 'server': 'nginx/0.8.54', 'connection': 'close', 'location': 'http://sourceforge.net/rest/p/testesmfmigrati/tickets/10085/', 'pragma': 'no-cache', 'cache-control': 'no-cache', 'date': 'Fri, 23 Aug 2013 06:23:34 GMT', 'content-type': 'text/plain; charset=UTF-8'}, '302 Found\n\nThe resource was found at http://sourceforge.net/rest/p/testesmfmigrati/tickets/10085/; you should be redirected automatically.  ')

Ticket #144 Done. Response was:
({'status': '302', 'content-length': '140', 'vary': 'Accept-Encoding', 'server': 'nginx/0.8.54', 'connection': 'close', 'location': 'http://sourceforge.net/rest/p/testesmfmigrati/tickets/10086/', 'pragma': 'no-cache', 'cache-control': 'no-cache', 'date': 'Fri, 23 Aug 2013 06:23:48 GMT', 'content-type': 'text/plain; charset=UTF-8'}, '302 Found\n\nThe resource was found at http://sourceforge.net/rest/p/testesmfmigrati/tickets/10086/; you should be redirected automatically.  ')

Ticket #145 Done. Response was:
({'status': '302', 'content-length': '140', 'vary': 'Accept-Encoding', 'server': 'nginx/0.8.54', 'connection': 'close', 'location': 'http://sourceforge.net/rest/p/testesmfmigrati/tickets/10087/', 'pragma': 'no-cache', 'cache-control': 'no-cache', 'date': 'Fri, 23 Aug 2013 06:23:54 GMT', 'content-type': 'text/plain; charset=UTF-8'}, '302 Found\n\nThe resource was found at http://sourceforge.net/rest/p/testesmfmigrati/tickets/10087/; you should be redirected automatically.  ')

Ticket #146 Done. Response was:
({'status': '302', 'content-length': '140', 'vary': 'Accept-Encoding', 'server': 'nginx/0.8.54', 'connection': 'close', 'location': 'http://sourceforge.net/rest/p/testesmfmigrati/tickets/10088/', 'pragma': 'no-cache', 'cache-control': 'no-cache', 'date': 'Fri, 23 Aug 2013 06:23:58 GMT', 'content-type': 'text/plain; charset=UTF-8'}, '302 Found\n\nThe resource was found at http://sourceforge.net/rest/p/testesmfmigrati/tickets/10088/; you should be redirected automatically.  ')

Ticket #147 Done. Response was:
({'status': '302', 'content-length': '140', 'vary': 'Accept-Encoding', 'server': 'nginx/0.8.54', 'connection': 'close', 'location': 'http://sourceforge.net/rest/p/testesmfmigrati/tickets/10089/', 'pragma': 'no-cache', 'cache-control': 'no-cache', 'date': 'Fri, 23 Aug 2013 06:24:02 GMT', 'content-type': 'text/plain; charset=UTF-8'}, '302 Found\n\nThe resource was found at http://sourceforge.net/rest/p/testesmfmigrati/tickets/10089/; you should be redirected automatically.  ')

Ticket #148 Done. Response was:
({'status': '302', 'content-length': '140', 'vary': 'Accept-Encoding', 'server': 'nginx/0.8.54', 'connection': 'close', 'location': 'http://sourceforge.net/rest/p/testesmfmigrati/tickets/10090/', 'pragma': 'no-cache', 'cache-control': 'no-cache', 'date': 'Fri, 23 Aug 2013 06:24:06 GMT', 'content-type': 'text/plain; charset=UTF-8'}, '302 Found\n\nThe resource was found at http://sourceforge.net/rest/p/testesmfmigrati/tickets/10090/; you should be redirected automatically.  ')

Ticket #149 Done. Response was:
({'status': '302', 'content-length': '140', 'vary': 'Accept-Encoding', 'server': 'nginx/0.8.54', 'connection': 'close', 'location': 'http://sourceforge.net/rest/p/testesmfmigrati/tickets/10091/', 'pragma': 'no-cache', 'cache-control': 'no-cache', 'date': 'Fri, 23 Aug 2013 06:24:09 GMT', 'content-type': 'text/plain; charset=UTF-8'}, '302 Found\n\nThe resource was found at http://sourceforge.net/rest/p/testesmfmigrati/tickets/10091/; you should be redirected automatically.  ')

Ticket #150 Done. Response was:
({'status': '302', 'content-length': '140', 'vary': 'Accept-Encoding', 'server': 'nginx/0.8.54', 'connection': 'close', 'location': 'http://sourceforge.net/rest/p/testesmfmigrati/tickets/10092/', 'pragma': 'no-cache', 'cache-control': 'no-cache', 'date': 'Fri, 23 Aug 2013 06:24:13 GMT', 'content-type': 'text/plain; charset=UTF-8'}, '302 Found\n\nThe resource was found at http://sourceforge.net/rest/p/testesmfmigrati/tickets/10092/; you should be redirected automatically.  ')

Ticket #151 Done. Response was:
({'status': '302', 'content-length': '140', 'vary': 'Accept-Encoding', 'server': 'nginx/0.8.54', 'connection': 'close', 'location': 'http://sourceforge.net/rest/p/testesmfmigrati/tickets/10093/', 'pragma': 'no-cache', 'cache-control': 'no-cache', 'date': 'Fri, 23 Aug 2013 06:24:16 GMT', 'content-type': 'text/plain; charset=UTF-8'}, '302 Found\n\nThe resource was found at http://sourceforge.net/rest/p/testesmfmigrati/tickets/10093/; you should be redirected automatically.  ')

Ticket #152 Done. Response was:
({'status': '302', 'content-length': '140', 'vary': 'Accept-Encoding', 'server': 'nginx/0.8.54', 'connection': 'close', 'location': 'http://sourceforge.net/rest/p/testesmfmigrati/tickets/10094/', 'pragma': 'no-cache', 'cache-control': 'no-cache', 'date': 'Fri, 23 Aug 2013 06:24:23 GMT', 'content-type': 'text/plain; charset=UTF-8'}, '302 Found\n\nThe resource was found at http://sourceforge.net/rest/p/testesmfmigrati/tickets/10094/; you should be redirected automatically.  ')

Ticket #153 Done. Response was:
({'status': '302', 'content-length': '140', 'vary': 'Accept-Encoding', 'server': 'nginx/0.8.54', 'connection': 'close', 'location': 'http://sourceforge.net/rest/p/testesmfmigrati/tickets/10095/', 'pragma': 'no-cache', 'cache-control': 'no-cache', 'date': 'Fri, 23 Aug 2013 06:24:26 GMT', 'content-type': 'text/plain; charset=UTF-8'}, '302 Found\n\nThe resource was found at http://sourceforge.net/rest/p/testesmfmigrati/tickets/10095/; you should be redirected automatically.  ')

Ticket #154 Done. Response was:
({'status': '302', 'content-length': '140', 'vary': 'Accept-Encoding', 'server': 'nginx/0.8.54', 'connection': 'close', 'location': 'http://sourceforge.net/rest/p/testesmfmigrati/tickets/10096/', 'pragma': 'no-cache', 'cache-control': 'no-cache', 'date': 'Fri, 23 Aug 2013 06:24:31 GMT', 'content-type': 'text/plain; charset=UTF-8'}, '302 Found\n\nThe resource was found at http://sourceforge.net/rest/p/testesmfmigrati/tickets/10096/; you should be redirected automatically.  ')

Ticket #155 Done. Response was:
({'status': '302', 'content-length': '140', 'vary': 'Accept-Encoding', 'server': 'nginx/0.8.54', 'connection': 'close', 'location': 'http://sourceforge.net/rest/p/testesmfmigrati/tickets/10097/', 'pragma': 'no-cache', 'cache-control': 'no-cache', 'date': 'Fri, 23 Aug 2013 06:24:34 GMT', 'content-type': 'text/plain; charset=UTF-8'}, '302 Found\n\nThe resource was found at http://sourceforge.net/rest/p/testesmfmigrati/tickets/10097/; you should be redirected automatically.  ')

Ticket #156 Done. Response was:
({'status': '302', 'content-length': '140', 'vary': 'Accept-Encoding', 'server': 'nginx/0.8.54', 'connection': 'close', 'location': 'http://sourceforge.net/rest/p/testesmfmigrati/tickets/10098/', 'pragma': 'no-cache', 'cache-control': 'no-cache', 'date': 'Fri, 23 Aug 2013 06:24:39 GMT', 'content-type': 'text/plain; charset=UTF-8'}, '302 Found\n\nThe resource was found at http://sourceforge.net/rest/p/testesmfmigrati/tickets/10098/; you should be redirected automatically.  ')

Ticket #157 Done. Response was:
({'status': '302', 'content-length': '140', 'vary': 'Accept-Encoding', 'server': 'nginx/0.8.54', 'connection': 'close', 'location': 'http://sourceforge.net/rest/p/testesmfmigrati/tickets/10099/', 'pragma': 'no-cache', 'cache-control': 'no-cache', 'date': 'Fri, 23 Aug 2013 06:24:47 GMT', 'content-type': 'text/plain; charset=UTF-8'}, '302 Found\n\nThe resource was found at http://sourceforge.net/rest/p/testesmfmigrati/tickets/10099/; you should be redirected automatically.  ')

Ticket #158 Done. Response was:
({'status': '302', 'content-length': '140', 'vary': 'Accept-Encoding', 'server': 'nginx/0.8.54', 'connection': 'close', 'location': 'http://sourceforge.net/rest/p/testesmfmigrati/tickets/10100/', 'pragma': 'no-cache', 'cache-control': 'no-cache', 'date': 'Fri, 23 Aug 2013 06:24:53 GMT', 'content-type': 'text/plain; charset=UTF-8'}, '302 Found\n\nThe resource was found at http://sourceforge.net/rest/p/testesmfmigrati/tickets/10100/; you should be redirected automatically.  ')

Ticket #159 Done. Response was:
({'status': '302', 'content-length': '140', 'vary': 'Accept-Encoding', 'server': 'nginx/0.8.54', 'connection': 'close', 'location': 'http://sourceforge.net/rest/p/testesmfmigrati/tickets/10101/', 'pragma': 'no-cache', 'cache-control': 'no-cache', 'date': 'Fri, 23 Aug 2013 06:24:57 GMT', 'content-type': 'text/plain; charset=UTF-8'}, '302 Found\n\nThe resource was found at http://sourceforge.net/rest/p/testesmfmigrati/tickets/10101/; you should be redirected automatically.  ')

Ticket #160 Done. Response was:
({'status': '302', 'content-length': '140', 'vary': 'Accept-Encoding', 'server': 'nginx/0.8.54', 'connection': 'close', 'location': 'http://sourceforge.net/rest/p/testesmfmigrati/tickets/10102/', 'pragma': 'no-cache', 'cache-control': 'no-cache', 'date': 'Fri, 23 Aug 2013 06:25:00 GMT', 'content-type': 'text/plain; charset=UTF-8'}, '302 Found\n\nThe resource was found at http://sourceforge.net/rest/p/testesmfmigrati/tickets/10102/; you should be redirected automatically.  ')

Ticket #161 Done. Response was:
({'status': '302', 'content-length': '140', 'vary': 'Accept-Encoding', 'server': 'nginx/0.8.54', 'connection': 'close', 'location': 'http://sourceforge.net/rest/p/testesmfmigrati/tickets/10103/', 'pragma': 'no-cache', 'cache-control': 'no-cache', 'date': 'Fri, 23 Aug 2013 06:25:07 GMT', 'content-type': 'text/plain; charset=UTF-8'}, '302 Found\n\nThe resource was found at http://sourceforge.net/rest/p/testesmfmigrati/tickets/10103/; you should be redirected automatically.  ')

Ticket #162 Done. Response was:
({'status': '302', 'content-length': '140', 'vary': 'Accept-Encoding', 'server': 'nginx/0.8.54', 'connection': 'close', 'location': 'http://sourceforge.net/rest/p/testesmfmigrati/tickets/10104/', 'pragma': 'no-cache', 'cache-control': 'no-cache', 'date': 'Fri, 23 Aug 2013 06:25:13 GMT', 'content-type': 'text/plain; charset=UTF-8'}, '302 Found\n\nThe resource was found at http://sourceforge.net/rest/p/testesmfmigrati/tickets/10104/; you should be redirected automatically.  ')

Ticket #163 Done. Response was:
({'status': '302', 'content-length': '140', 'vary': 'Accept-Encoding', 'server': 'nginx/0.8.54', 'connection': 'close', 'location': 'http://sourceforge.net/rest/p/testesmfmigrati/tickets/10105/', 'pragma': 'no-cache', 'cache-control': 'no-cache', 'date': 'Fri, 23 Aug 2013 06:25:17 GMT', 'content-type': 'text/plain; charset=UTF-8'}, '302 Found\n\nThe resource was found at http://sourceforge.net/rest/p/testesmfmigrati/tickets/10105/; you should be redirected automatically.  ')

Ticket #164 Done. Response was:
({'status': '302', 'content-length': '140', 'vary': 'Accept-Encoding', 'server': 'nginx/0.8.54', 'connection': 'close', 'location': 'http://sourceforge.net/rest/p/testesmfmigrati/tickets/10106/', 'pragma': 'no-cache', 'cache-control': 'no-cache', 'date': 'Fri, 23 Aug 2013 06:25:32 GMT', 'content-type': 'text/plain; charset=UTF-8'}, '302 Found\n\nThe resource was found at http://sourceforge.net/rest/p/testesmfmigrati/tickets/10106/; you should be redirected automatically.  ')

Ticket #165 Done. Response was:
({'status': '302', 'content-length': '140', 'vary': 'Accept-Encoding', 'server': 'nginx/0.8.54', 'connection': 'close', 'location': 'http://sourceforge.net/rest/p/testesmfmigrati/tickets/10107/', 'pragma': 'no-cache', 'cache-control': 'no-cache', 'date': 'Fri, 23 Aug 2013 06:25:38 GMT', 'content-type': 'text/plain; charset=UTF-8'}, '302 Found\n\nThe resource was found at http://sourceforge.net/rest/p/testesmfmigrati/tickets/10107/; you should be redirected automatically.  ')

Ticket #166 Done. Response was:
({'status': '302', 'content-length': '140', 'vary': 'Accept-Encoding', 'server': 'nginx/0.8.54', 'connection': 'close', 'location': 'http://sourceforge.net/rest/p/testesmfmigrati/tickets/10108/', 'pragma': 'no-cache', 'cache-control': 'no-cache', 'date': 'Fri, 23 Aug 2013 06:25:54 GMT', 'content-type': 'text/plain; charset=UTF-8'}, '302 Found\n\nThe resource was found at http://sourceforge.net/rest/p/testesmfmigrati/tickets/10108/; you should be redirected automatically.  ')

Ticket #167 Done. Response was:
({'status': '302', 'content-length': '140', 'vary': 'Accept-Encoding', 'server': 'nginx/0.8.54', 'connection': 'close', 'location': 'http://sourceforge.net/rest/p/testesmfmigrati/tickets/10109/', 'pragma': 'no-cache', 'cache-control': 'no-cache', 'date': 'Fri, 23 Aug 2013 06:25:58 GMT', 'content-type': 'text/plain; charset=UTF-8'}, '302