Bugs                   = 1505
Support requests       = 1155
Feature requests       = 411
Operations             = 95
Vendor bugs            = 55
Application issues     = 27
NUOPC feature requests = 13
NUOPC support requests = 30
Submitting ticket #0
Done.  Response was:

({'status': '302', 'content-length': '139', 'vary': 'Accept-Encoding', 'server': 'nginx/0.8.54', 'connection': 'close', 'location': 'http://sourceforge.net/rest/p/testesmfmigrati/tickets/5397/', 'pragma': 'no-cache', 'cache-control': 'no-cache', 'date': 'Fri, 09 Aug 2013 21:12:51 GMT', 'content-type': 'text/plain; charset=UTF-8'}, '302 Found\n\nThe resource was found at http://sourceforge.net/rest/p/testesmfmigrati/tickets/5397/; you should be redirected automatically.  ')

Submitting ticket #1
Done.  Response was:

({'status': '302', 'content-length': '139', 'vary': 'Accept-Encoding', 'server': 'nginx/0.8.54', 'connection': 'close', 'location': 'http://sourceforge.net/rest/p/testesmfmigrati/tickets/5398/', 'pragma': 'no-cache', 'cache-control': 'no-cache', 'date': 'Fri, 09 Aug 2013 21:13:01 GMT', 'content-type': 'text/plain; charset=UTF-8'}, '302 Found\n\nThe resource was found at http://sourceforge.net/rest/p/testesmfmigrati/tickets/5398/; you should be redirected automatically.  ')

Submitting ticket #2
Done.  Response was:

({'status': '302', 'content-length': '139', 'vary': 'Accept-Encoding', 'server': 'nginx/0.8.54', 'connection': 'close', 'location': 'http://sourceforge.net/rest/p/testesmfmigrati/tickets/5399/', 'pragma': 'no-cache', 'cache-control': 'no-cache', 'date': 'Fri, 09 Aug 2013 21:13:07 GMT', 'content-type': 'text/plain; charset=UTF-8'}, '302 Found\n\nThe resource was found at http://sourceforge.net/rest/p/testesmfmigrati/tickets/5399/; you should be redirected automatically.  ')

Submitting ticket #3
Done.  Response was:

({'status': '302', 'content-length': '139', 'vary': 'Accept-Encoding', 'server': 'nginx/0.8.54', 'connection': 'close', 'location': 'http://sourceforge.net/rest/p/testesmfmigrati/tickets/5400/', 'pragma': 'no-cache', 'cache-control': 'no-cache', 'date': 'Fri, 09 Aug 2013 21:13:14 GMT', 'content-type': 'text/plain; charset=UTF-8'}, '302 Found\n\nThe resource was found at http://sourceforge.net/rest/p/testesmfmigrati/tickets/5400/; you should be redirected automatically.  ')

Submitting ticket #4
Done.  Response was:

({'status': '302', 'content-length': '139', 'vary': 'Accept-Encoding', 'server': 'nginx/0.8.54', 'connection': 'close', 'location': 'http://sourceforge.net/rest/p/testesmfmigrati/tickets/5401/', 'pragma': 'no-cache', 'cache-control': 'no-cache', 'date': 'Fri, 09 Aug 2013 21:13:18 GMT', 'content-type': 'text/plain; charset=UTF-8'}, '302 Found\n\nThe resource was found at http://sourceforge.net/rest/p/testesmfmigrati/tickets/5401/; you should be redirected automatically.  ')

Submitting ticket #5
Done.  Response was:

({'status': '302', 'content-length': '139', 'vary': 'Accept-Encoding', 'server': 'nginx/0.8.54', 'connection': 'close', 'location': 'http://sourceforge.net/rest/p/testesmfmigrati/tickets/5402/', 'pragma': 'no-cache', 'cache-control': 'no-cache', 'date': 'Fri, 09 Aug 2013 21:13:24 GMT', 'content-type': 'text/plain; charset=UTF-8'}, '302 Found\n\nThe resource was found at http://sourceforge.net/rest/p/testesmfmigrati/tickets/5402/; you should be redirected automatically.  ')

Submitting ticket #6
Done.  Response was:

({'status': '302', 'content-length': '139', 'vary': 'Accept-Encoding', 'server': 'nginx/0.8.54', 'connection': 'close', 'location': 'http://sourceforge.net/rest/p/testesmfmigrati/tickets/5403/', 'pragma': 'no-cache', 'cache-control': 'no-cache', 'date': 'Fri, 09 Aug 2013 21:13:29 GMT', 'content-type': 'text/plain; charset=UTF-8'}, '302 Found\n\nThe resource was found at http://sourceforge.net/rest/p/testesmfmigrati/tickets/5403/; you should be redirected automatically.  ')

Submitting ticket #7
Done.  Response was:

({'status': '302', 'content-length': '139', 'vary': 'Accept-Encoding', 'server': 'nginx/0.8.54', 'connection': 'close', 'location': 'http://sourceforge.net/rest/p/testesm