cvs update: Updating src/Infrastructure/Mesh
cvs update: Updating src/Infrastructure/Mesh/doc
cvs update: Updating src/Infrastructure/Mesh/examples
cvs update: file src/Infrastructure/Mesh/examples/ESMC_DPart.C does not exist, but is present in revision ESMF_5_1_0_beta_snapshot_05
rcsmerge: warning: conflicts during merge
cvs update: Updating src/Infrastructure/Mesh/examples/data
cvs update: Updating src/Infrastructure/Mesh/include
rcsmerge: warning: conflicts during merge
rcsmerge: warning: conflicts during merge
rcsmerge: warning: conflicts during merge
rcsmerge: warning: conflicts during merge
rcsmerge: warning: conflicts during merge
rcsmerge: warning: conflicts during merge
rcsmerge: warning: conflicts during merge
rcsmerge: warning: conflicts during merge
rcsmerge: warning: conflicts during merge
rcsmerge: warning: conflicts during merge
rcsmerge: warning: conflicts during merge
rcsmerge: warning: conflicts during merge
rcsmerge: warning: conflicts during merge
rcsmerge: warning: conflicts during merge
rcsmerge: warning: conflicts during merge
rcsmerge: warning: conflicts during merge
rcsmerge: warning: conflicts during merge
rcsmerge: warning: conflicts during merge
rcsmerge: warning: conflicts during merge
rcsmerge: warning: conflicts during merge
rcsmerge: warning: conflicts during merge
rcsmerge: warning: conflicts during merge
rcsmerge: warning: conflicts during merge
rcsmerge: warning: conflicts during merge
rcsmerge: warning: conflicts during merge
rcsmerge: warning: conflicts during merge
rcsmerge: warning: conflicts during merge
rcsmerge: warning: conflicts during merge
rcsmerge: warning: conflicts during merge
rcsmerge: warning: conflicts during merge
rcsmerge: warning: conflicts during merge
cvs update: file src/Infrastructure/Mesh/include/ESMCI_MeshOBjConn.h does not exist, but is present in revision ESMF_5_1_0_beta_snapshot_05
rcsmerge: warning: conflicts during merge
rcsmerge: warning: conflicts during merge
rcsmerge: warning: conflicts during merge
rcsmerge: warning: conflicts during merge
rcsmerge: warning: conflicts during merge
rcsmerge: warning: conflicts during merge
rcsmerge: warning: conflicts during merge
rcsmerge: warning: conflicts during merge
rcsmerge: warning: conflicts during merge
rcsmerge: warning: conflicts during merge
rcsmerge: warning: conflicts during merge
rcsmerge: warning: conflicts during merge
rcsmerge: warning: conflicts during merge
rcsmerge: warning: conflicts during merge
rcsmerge: warning: conflicts during merge
rcsmerge: warning: conflicts during merge
rcsmerge: warning: conflicts during merge
rcsmerge: warning: conflicts during merge
rcsmerge: warning: conflicts during merge
rcsmerge: warning: conflicts during merge
rcsmerge: warning: conflicts during merge
rcsmerge: warning: conflicts during merge
rcsmerge: warning: conflicts during merge
rcsmerge: warning: conflicts during merge
rcsmerge: warning: conflicts during merge
rcsmerge: warning: conflicts during merge
rcsmerge: warning: conflicts during merge
rcsmerge: warning: conflicts during merge
cvs update: Updating src/Infrastructure/Mesh/include/Zoltan
cvs update: Updating src/Infrastructure/Mesh/include/sacado
cvs update: Updating src/Infrastructure/Mesh/interface
rcsmerge: warning: conflicts during merge
cvs update: Updating src/Infrastructure/Mesh/src
rcsmerge: warning: conflicts during merge
rcsmerge: warning: conflicts during merge
rcsmerge: warning: conflicts during merge
rcsmerge: warning: conflicts during merge
rcsmerge: warning: conflicts during merge
rcsmerge: warning: conflicts during merge
rcsmerge: warning: conflicts during merge
rcsmerge: warning: conflicts during merge
rcsmerge: warning: conflicts during merge
rcsmerge: warning: conflicts during merge
rcsmerge: warning: conflicts during merge
rcsmerge: warning: conflicts during merge
rcsmerge: warning: conflicts during merge
rcsmerge: warning: conflicts during merge
rcsmerge: warning: conflicts during merge
rcsmerge: warning: conflicts during merge
rcsmerge: warning: conflicts during merge
rcsmerge: warning: conflicts during merge
rcsmerge: warning: conflicts during merge
rcsmerge: warning: conflicts during merge
rcsmerge: warning: conflicts during merge
rcsmerge: warning: conflicts during merge
rcsmerge: warning: conflicts during merge
rcsmerge: warning: conflicts during merge
rcsmerge: warning: conflicts during merge
rcsmerge: warning: conflicts during merge
rcsmerge: warning: conflicts during merge
rcsmerge: warning: conflicts during merge
rcsmerge: warning: conflicts during merge
rcsmerge: warning: conflicts during merge
rcsmerge: warning: conflicts during merge
rcsmerge: warning: conflicts during merge
rcsmerge: warning: conflicts during merge
rcsmerge: warning: conflicts during merge
rcsmerge: warning: conflicts during merge
rcsmerge: warning: conflicts during merge
rcsmerge: warning: conflicts during merge
rcsmerge: warning: conflicts during merge
rcsmerge: warning: conflicts during merge
rcsmerge: warning: conflicts during merge
rcsmerge: warning: conflicts during merge
rcsmerge: warning: conflicts during merge
rcsmerge: warning: conflicts during merge
rcsmerge: warning: conflicts during merge
rcsmerge: warning: conflicts during merge
rcsmerge: warning: conflicts during merge
rcsmerge: warning: conflicts during merge
rcsmerge: warning: conflicts during merge
rcsmerge: warning: conflicts during merge
rcsmerge: warning: conflicts during merge
rcsmerge: warning: conflicts during merge
rcsmerge: warning: conflicts during merge
rcsmerge: warning: conflicts during merge
rcsmerge: warning: conflicts during merge
rcsmerge: warning: conflicts during merge
rcsmerge: warning: conflicts during merge
cvs update: Updating src/Infrastructure/Mesh/src/ExodusII
cvs update: Updating src/Infrastructure/Mesh/src/Metis
cvs update: Updating src/Infrastructure/Mesh/src/Zoltan
rcsmerge: warning: conflicts during merge
rcsmerge: warning: conflicts during merge
rcsmerge: warning: conflicts during merge
rcsmerge: warning: conflicts during merge
cvs update: Updating src/Infrastructure/Mesh/src/exodusii
cvs update: Updating src/Infrastructure/Mesh/tests
cvs update: Updating src/Infrastructure/Mesh/tests/data
